[0223/151503.292:ERROR:directory_reader_win.cc(43)] FindFirstFile: The system cannot find the path specified. (0x3)
[0224/132445.020:ERROR:directory_reader_win.cc(43)] FindFirstFile: The system cannot find the path specified. (0x3)
[0226/102211.254:ERROR:directory_reader_win.cc(43)] FindFirstFile: The system cannot find the path specified. (0x3)
[0226/132659.925:ERROR:process_memory_win.cc(73)] ReadMemory at 0x7ff6acab0000 of 64 bytes failed: Only part of a ReadProcessMemory or WriteProcessMemory request was completed. (0x12B)
[0226/132700.591:WARNING:pe_image_reader.cc(340)] could not read dos header from C:\Program Files\BraveSoftware\Brave-Browser\Application\brave.exe
[0226/132700.592:ERROR:process_memory_win.cc(73)] ReadMemory at 0x7ffe6b790000 of 64 bytes failed: Only part of a ReadProcessMemory or WriteProcessMemory request was completed. (0x12B)
[0226/132700.592:WARNING:pe_image_reader.cc(340)] could not read dos header from C:\Windows\SYSTEM32\ntdll.dll
[0226/132700.593:ERROR:process_memory_win.cc(73)] ReadMemory at 0x7ffe69890000 of 64 bytes failed: Only part of a ReadProcessMemory or WriteProcessMemory request was completed. (0x12B)
[0226/132700.593:WARNING:pe_image_reader.cc(340)] could not read dos header from C:\Windows\system32\KERNEL32.DLL
[0226/132700.593:ERROR:process_memory_win.cc(73)] ReadMemory at 0x7ffe68bd0000 of 64 bytes failed: Only part of a ReadProcessMemory or WriteProcessMemory request was completed. (0x12B)
[0226/132700.593:WARNING:pe_image_reader.cc(340)] could not read dos header from C:\Windows\system32\KERNELBASE.dll
[0226/132700.593:ERROR:process_memory_win.cc(73)] ReadMemory at 0x7ffe4c920000 of 64 bytes failed: Only part of a ReadProcessMemory or WriteProcessMemory request was completed. (0x12B)
[0226/132700.593:WARNING:pe_image_reader.cc(340)] could not read dos header from C:\Program Files\BraveSoftware\Brave-Browser\Application\87.1.18.78\chrome_elf.dll
[0226/132700.593:ERROR:process_memory_win.cc(73)] ReadMemory at 0x7ffe61380000 of 64 bytes failed: Only part of a ReadProcessMemory or WriteProcessMemory request was completed. (0x12B)
[0226/132700.594:WARNING:pe_image_reader.cc(340)] could not read dos header from C:\Windows\SYSTEM32\VERSION.dll
[0226/132700.594:ERROR:process_memory_win.cc(73)] ReadMemory at 0x7ffe697e0000 of 64 bytes failed: Only part of a ReadProcessMemory or WriteProcessMemory request was completed. (0x12B)
[0226/132700.594:WARNING:pe_image_reader.cc(340)] could not read dos header from C:\Windows\system32\msvcrt.dll
[0226/132700.594:ERROR:process_memory_win.cc(73)] ReadMemory at 0x7ffe69010000 of 64 bytes failed: Only part of a ReadProcessMemory or WriteProcessMemory request was completed. (0x12B)
[0226/132700.594:WARNING:pe_image_reader.cc(340)] could not read dos header from C:\Windows\system32\ADVAPI32.dll
[0226/132700.594:ERROR:process_memory_win.cc(73)] ReadMemory at 0x7ffe69e70000 of 64 bytes failed: Only part of a ReadProcessMemory or WriteProcessMemory request was completed. (0x12B)
[0226/132700.594:WARNING:pe_image_reader.cc(340)] could not read dos header from C:\Windows\SYSTEM32\sechost.dll
[0226/132700.594:ERROR:process_memory_win.cc(73)] ReadMemory at 0x7ffe6b630000 of 64 bytes failed: Only part of a ReadProcessMemory or WriteProcessMemory request was completed. (0x12B)
[0226/132700.594:WARNING:pe_image_reader.cc(340)] could not read dos header from C:\Windows\system32\RPCRT4.dll
[0226/132700.594:ERROR:process_memory_win.cc(73)] ReadMemory at 0x7ffe39c60000 of 64 bytes failed: Only part of a ReadProcessMemory or WriteProcessMemory request was completed. (0x12B)
[0226/132700.594:WARNING:pe_image_reader.cc(340)] could not read dos header from C:\Program Files\BraveSoftware\Brave-Browser\Application\87.1.18.78\chrome.dll
[0226/132700.594:ERROR:process_memory_win.cc(73)] ReadMemory at 0x7ffe4ca20000 of 64 bytes failed: Only part of a ReadProcessMemory or WriteProcessMemory request was completed. (0x12B)
[0226/132700.594:WARNING:pe_image_reader.cc(340)] could not read dos header from C:\Windows\SYSTEM32\dbghelp.dll
[0226/132700.594:ERROR:process_memory_win.cc(73)] ReadMemory at 0x7ffe69e10000 of 64 bytes failed: Only part of a ReadProcessMemory or WriteProcessMemory request was completed. (0x12B)
[0226/132700.594:WARNING:pe_image_reader.cc(340)] could not read dos header from C:\Windows\system32\WS2_32.dll
[0226/132700.594:ERROR:process_memory_win.cc(73)] ReadMemory at 0x7ffe64260000 of 64 bytes failed: Only part of a ReadProcessMemory or WriteProcessMemory request was completed. (0x12B)
[0226/132700.594:WARNING:pe_image_reader.cc(340)] could not read dos header from C:\Windows\SYSTEM32\IPHLPAPI.DLL
[0226/132700.594:ERROR:process_memory_win.cc(73)] ReadMemory at 0x7ffe69ed0000 of 64 bytes failed: Only part of a ReadProcessMemory or WriteProcessMemory request was completed. (0x12B)
[0226/132700.594:WARNING:pe_image_reader.cc(340)] could not read dos header from C:\Windows\system32\OLEAUT32.dll
[0226/132700.594:ERROR:process_memory_win.cc(73)] ReadMemory at 0x7ffe667c0000 of 64 bytes failed: Only part of a ReadProcessMemory or WriteProcessMemory request was completed. (0x12B)
[0226/132700.594:WARNING:pe_image_reader.cc(340)] could not read dos header from C:\Windows\SYSTEM32\WINMM.dll
[0226/132700.594:ERROR:process_memory_win.cc(73)] ReadMemory at 0x7ffe63550000 of 64 bytes failed: Only part of a ReadProcessMemory or WriteProcessMemory request was completed. (0x12B)
[0226/132700.594:WARNING:pe_image_reader.cc(340)] could not read dos header from C:\Windows\SYSTEM32\UIAutomationCore.DLL
[0226/132700.594:ERROR:process_memory_win.cc(73)] ReadMemory at 0x7ffe5d220000 of 64 bytes failed: Only part of a ReadProcessMemory or WriteProcessMemory request was completed. (0x12B)
[0226/132700.594:WARNING:pe_image_reader.cc(340)] could not read dos header from C:\Windows\SYSTEM32\Secur32.dll
[0226/132700.594:ERROR:process_memory_win.cc(73)] ReadMemory at 0x7ffe68170000 of 64 bytes failed: Only part of a ReadProcessMemory or WriteProcessMemory request was completed. (0x12B)
[0226/132700.594:WARNING:pe_image_reader.cc(340)] could not read dos header from C:\Windows\SYSTEM32\USERENV.dll
[0226/132700.594:ERROR:process_memory_win.cc(73)] ReadMemory at 0x7ffe68ec0000 of 64 bytes failed: Only part of a ReadProcessMemory or WriteProcessMemory request was completed. (0x12B)
[0226/132700.594:WARNING:pe_image_reader.cc(340)] could not read dos header from C:\Windows\system32\WINTRUST.dll
[0226/132700.594:ERROR:process_memory_win.cc(73)] ReadMemory at 0x7ffe68ce0000 of 64 bytes failed: Only part of a ReadProcessMemory or WriteProcessMemory request was completed. (0x12B)
[0226/132700.594:WARNING:pe_image_reader.cc(340)] could not read dos header from C:\Windows\system32\CRYPT32.dll
[0226/132700.594:ERROR:process_memory_win.cc(73)] ReadMemory at 0x7ffe66590000 of 64 bytes failed: Only part of a ReadProcessMemory or WriteProcessMemory request was completed. (0x12B)
[0226/132700.594:WARNING:pe_image_reader.cc(340)] could not read dos header from C:\Windows\SYSTEM32\DWrite.dll
[0226/132700.594:ERROR:process_memory_win.cc(73)] ReadMemory at 0x7ffe5d230000 of 64 bytes failed: Only part of a ReadProcessMemory or WriteProcessMemory request was completed. (0x12B)
[0226/132700.595:WARNING:pe_image_reader.cc(340)] could not read dos header from C:\Windows\SYSTEM32\WINSPOOL.DRV
[0226/132700.595:ERROR:process_memory_win.cc(73)] ReadMemory at 0x7ffe50580000 of 64 bytes failed: Only part of a ReadProcessMemory or WriteProcessMemory request was completed. (0x12B)
[0226/132700.595:WARNING:pe_image_reader.cc(340)] could not read dos header from C:\Windows\SYSTEM32\WINHTTP.dll
[0226/132700.595:ERROR:process_memory_win.cc(73)] ReadMemory at 0x7ffe63ab0000 of 64 bytes failed: Only part of a ReadProcessMemory or WriteProcessMemory request was completed. (0x12B)
[0226/132700.595:WARNING:pe_image_reader.cc(340)] could not read dos header from C:\Windows\SYSTEM32\dhcpcsvc.DLL
[0226/132700.595:ERROR:process_memory_win.cc(73)] ReadMemory at 0x7ffe69470000 of 64 bytes failed: Only part of a ReadProcessMemory or WriteProcessMemory request was completed. (0x12B)
[0226/132700.595:WARNING:pe_image_reader.cc(340)] could not read dos header from C:\Windows\system32\NSI.dll
[0226/132700.635:ERROR:process_memory_win.cc(73)] ReadMemory at 0x7ffe64250000 of 64 bytes failed: Only part of a ReadProcessMemory or WriteProcessMemory request was completed. (0x12B)
[0226/132700.635:WARNING:pe_image_reader.cc(340)] could not read dos header from C:\Windows\SYSTEM32\WINNSI.DLL
[0226/132700.635:ERROR:process_memory_win.cc(73)] ReadMemory at 0x7ffe69600000 of 64 bytes failed: Only part of a ReadProcessMemory or WriteProcessMemory request was completed. (0x12B)
[0226/132700.635:WARNING:pe_image_reader.cc(340)] could not read dos header from C:\Windows\system32\combase.dll
[0226/132700.635:ERROR:process_memory_win.cc(73)] ReadMemory at 0x7ffe66790000 of 64 bytes failed: Only part of a ReadProcessMemory or WriteProcessMemory request was completed. (0x12B)
[0226/132700.635:WARNING:pe_image_reader.cc(340)] could not read dos header from C:\Windows\SYSTEM32\WINMMBASE.dll
[0226/132700.635:ERROR:process_memory_win.cc(73)] ReadMemory at 0x8725050000 of 64 bytes failed: Only part of a ReadProcessMemory or WriteProcessMemory request was completed. (0x12B)
[0226/132700.635:WARNING:pe_image_reader.cc(340)] could not read dos header from C:\Windows\system32\USER32.dll
[0226/132700.635:ERROR:process_memory_win.cc(73)] ReadMemory at 0x7ffe68b00000 of 64 bytes failed: Only part of a ReadProcessMemory or WriteProcessMemory request was completed. (0x12B)
[0226/132700.635:WARNING:pe_image_reader.cc(340)] could not read dos header from C:\Windows\SYSTEM32\profapi.dll
[0226/132700.635:ERROR:process_memory_win.cc(73)] ReadMemory at 0x7ffe68bb0000 of 64 bytes failed: Only part of a ReadProcessMemory or WriteProcessMemory request was completed. (0x12B)
[0226/132700.635:WARNING:pe_image_reader.cc(340)] could not read dos header from C:\Windows\system32\MSASN1.dll
[0226/132700.635:ERROR:process_memory_win.cc(73)] ReadMemory at 0x7ffe68fc0000 of 64 bytes failed: Only part of a ReadProcessMemory or WriteProcessMemory request was completed. (0x12B)
[0226/132700.635:WARNING:pe_image_reader.cc(340)] could not read dos header from C:\Windows\SYSTEM32\cfgmgr32.dll
[0226/132700.636:ERROR:process_memory_win.cc(73)] ReadMemory at 0x7ffe67980000 of 64 bytes failed: Only part of a ReadProcessMemory or WriteProcessMemory request was completed. (0x12B)
[0226/132700.636:WARNING:pe_image_reader.cc(340)] could not read dos header from C:\Windows\SYSTEM32\DEVOBJ.dll
[0226/132700.636:ERROR:process_memory_win.cc(73)] ReadMemory at 0x7ffe690e0000 of 64 bytes failed: Only part of a ReadProcessMemory or WriteProcessMemory request was completed. (0x12B)
[0226/132700.636:WARNING:pe_image_reader.cc(340)] could not read dos header from C:\Windows\system32\GDI32.dll
[0226/132700.636:ERROR:process_memory_win.cc(73)] ReadMemory at 0x7ffe689b0000 of 64 bytes failed: Only part of a ReadProcessMemory or WriteProcessMemory request was completed. (0x12B)
[0226/132700.636:WARNING:pe_image_reader.cc(340)] could not read dos header from C:\Windows\SYSTEM32\SSPICLI.DLL
[0226/132700.636:ERROR:process_memory_win.cc(73)] ReadMemory at 0x7ffe6a1d0000 of 64 bytes failed: Only part of a ReadProcessMemory or WriteProcessMemory request was completed. (0x12B)
[0226/132700.636:WARNING:pe_image_reader.cc(340)] could not read dos header from C:\Windows\system32\IMM32.DLL
[0226/132700.636:ERROR:process_memory_win.cc(73)] ReadMemory at 0x7ffe69ff0000 of 64 bytes failed: Only part of a ReadProcessMemory or WriteProcessMemory request was completed. (0x12B)
[0226/132700.636:WARNING:pe_image_reader.cc(340)] could not read dos header from C:\Windows\system32\MSCTF.dll
[0226/132700.636:ERROR:process_memory_win.cc(73)] ReadMemory at 0x7ffe68a40000 of 64 bytes failed: Only part of a ReadProcessMemory or WriteProcessMemory request was completed. (0x12B)
[0226/132700.636:WARNING:pe_image_reader.cc(340)] could not read dos header from C:\Windows\SYSTEM32\CRYPTBASE.DLL
[0226/132700.636:ERROR:process_memory_win.cc(73)] ReadMemory at 0x7ffe689e0000 of 64 bytes failed: Only part of a ReadProcessMemory or WriteProcessMemory request was completed. (0x12B)
[0226/132700.636:WARNING:pe_image_reader.cc(340)] could not read dos header from C:\Windows\SYSTEM32\bcryptPrimitives.dll
[0226/132700.724:ERROR:process_memory_win.cc(73)] ReadMemory at 0x7ff6acab0000 of 64 bytes failed: Only part of a ReadProcessMemory or WriteProcessMemory request was completed. (0x12B)
[0226/132700.724:WARNING:pe_image_reader.cc(340)] could not read dos header from C:\Program Files\BraveSoftware\Brave-Browser\Application\brave.exe
[0226/132700.724:ERROR:process_memory_win.cc(73)] ReadMemory at 0x7ff6acab0000 of 64 bytes failed: Only part of a ReadProcessMemory or WriteProcessMemory request was completed. (0x12B)
[0226/132700.724:WARNING:pe_image_reader.cc(340)] could not read dos header from C:\Program Files\BraveSoftware\Brave-Browser\Application\brave.exe
[0226/132700.862:ERROR:process_memory_win.cc(73)] ReadMemory at 0x7ffe6b790000 of 64 bytes failed: Only part of a ReadProcessMemory or WriteProcessMemory request was completed. (0x12B)
[0226/132700.862:WARNING:pe_image_reader.cc(340)] could not read dos header from C:\Windows\SYSTEM32\ntdll.dll
[0226/132700.862:ERROR:process_memory_win.cc(73)] ReadMemory at 0x7ffe6b790000 of 64 bytes failed: Only part of a ReadProcessMemory or WriteProcessMemory request was completed. (0x12B)
[0226/132700.862:WARNING:pe_image_reader.cc(340)] could not read dos header from C:\Windows\SYSTEM32\ntdll.dll
[0226/132700.862:ERROR:process_memory_win.cc(73)] ReadMemory at 0x7ffe69890000 of 64 bytes failed: Only part of a ReadProcessMemory or WriteProcessMemory request was completed. (0x12B)
[0226/132700.862:WARNING:pe_image_reader.cc(340)] could not read dos header from C:\Windows\system32\KERNEL32.DLL
[0226/132700.862:ERROR:process_memory_win.cc(73)] ReadMemory at 0x7ffe69890000 of 64 bytes failed: Only part of a ReadProcessMemory or WriteProcessMemory request was completed. (0x12B)
[0226/132700.862:WARNING:pe_image_reader.cc(340)] could not read dos header from C:\Windows\system32\KERNEL32.DLL
[0226/132700.862:ERROR:process_memory_win.cc(73)] ReadMemory at 0x7ffe68bd0000 of 64 bytes failed: Only part of a ReadProcessMemory or WriteProcessMemory request was completed. (0x12B)
[0226/132700.862:WARNING:pe_image_reader.cc(340)] could not read dos header from C:\Windows\system32\KERNELBASE.dll
[0226/132700.862:ERROR:process_memory_win.cc(73)] ReadMemory at 0x7ffe68bd0000 of 64 bytes failed: Only part of a ReadProcessMemory or WriteProcessMemory request was completed. (0x12B)
[0226/132700.862:WARNING:pe_image_reader.cc(340)] could not read dos header from C:\Windows\system32\KERNELBASE.dll
[0226/132700.862:ERROR:process_memory_win.cc(73)] ReadMemory at 0x7ffe4c920000 of 64 bytes failed: Only part of a ReadProcessMemory or WriteProcessMemory request was completed. (0x12B)
[0226/132700.862:WARNING:pe_image_reader.cc(340)] could not read dos header from C:\Program Files\BraveSoftware\Brave-Browser\Application\87.1.18.78\chrome_elf.dll
[0226/132700.862:ERROR:process_memory_win.cc(73)] ReadMemory at 0x7ffe4c920000 of 64 bytes failed: Only part of a ReadProcessMemory or WriteProcessMemory request was completed. (0x12B)
[0226/132700.862:WARNING:pe_image_reader.cc(340)] could not read dos header from C:\Program Files\BraveSoftware\Brave-Browser\Application\87.1.18.78\chrome_elf.dll
[0226/132700.862:ERROR:process_memory_win.cc(73)] ReadMemory at 0x7ffe61380000 of 64 bytes failed: Only part of a ReadProcessMemory or WriteProcessMemory request was completed. (0x12B)
[0226/132700.862:WARNING:pe_image_reader.cc(340)] could not read dos header from C:\Windows\SYSTEM32\VERSION.dll
[0226/132700.862:ERROR:process_memory_win.cc(73)] ReadMemory at 0x7ffe61380000 of 64 bytes failed: Only part of a ReadProcessMemory or WriteProcessMemory request was completed. (0x12B)
[0226/132700.862:WARNING:pe_image_reader.cc(340)] could not read dos header from C:\Windows\SYSTEM32\VERSION.dll
[0226/132700.862:ERROR:process_memory_win.cc(73)] ReadMemory at 0x7ffe697e0000 of 64 bytes failed: Only part of a ReadProcessMemory or WriteProcessMemory request was completed. (0x12B)
[0226/132700.862:WARNING:pe_image_reader.cc(340)] could not read dos header from C:\Windows\system32\msvcrt.dll
[0226/132700.862:ERROR:process_memory_win.cc(73)] ReadMemory at 0x7ffe697e0000 of 64 bytes failed: Only part of a ReadProcessMemory or WriteProcessMemory request was completed. (0x12B)
[0226/132700.862:WARNING:pe_image_reader.cc(340)] could not read dos header from C:\Windows\system32\msvcrt.dll
[0226/132700.862:ERROR:process_memory_win.cc(73)] ReadMemory at 0x7ffe69010000 of 64 bytes failed: Only part of a ReadProcessMemory or WriteProcessMemory request was completed. (0x12B)
[0226/132700.862:WARNING:pe_image_reader.cc(340)] could not read dos header from C:\Windows\system32\ADVAPI32.dll
[0226/132700.863:ERROR:process_memory_win.cc(73)] ReadMemory at 0x7ffe69010000 of 64 bytes failed: Only part of a ReadProcessMemory or WriteProcessMemory request was completed. (0x12B)
[0226/132700.863:WARNING:pe_image_reader.cc(340)] could not read dos header from C:\Windows\system32\ADVAPI32.dll
[0226/132700.863:ERROR:process_memory_win.cc(73)] ReadMemory at 0x7ffe69e70000 of 64 bytes failed: Only part of a ReadProcessMemory or WriteProcessMemory request was completed. (0x12B)
[0226/132700.863:WARNING:pe_image_reader.cc(340)] could not read dos header from C:\Windows\SYSTEM32\sechost.dll
[0226/132700.863:ERROR:process_memory_win.cc(73)] ReadMemory at 0x7ffe69e70000 of 64 bytes failed: Only part of a ReadProcessMemory or WriteProcessMemory request was completed. (0x12B)
[0226/132700.863:WARNING:pe_image_reader.cc(340)] could not read dos header from C:\Windows\SYSTEM32\sechost.dll
[0226/132700.863:ERROR:process_memory_win.cc(73)] ReadMemory at 0x7ffe6b630000 of 64 bytes failed: Only part of a ReadProcessMemory or WriteProcessMemory request was completed. (0x12B)
[0226/132700.863:WARNING:pe_image_reader.cc(340)] could not read dos header from C:\Windows\system32\RPCRT4.dll
[0226/132700.863:ERROR:process_memory_win.cc(73)] ReadMemory at 0x7ffe6b630000 of 64 bytes failed: Only part of a ReadProcessMemory or WriteProcessMemory request was completed. (0x12B)
[0226/132700.863:WARNING:pe_image_reader.cc(340)] could not read dos header from C:\Windows\system32\RPCRT4.dll
[0226/132700.863:ERROR:process_memory_win.cc(73)] ReadMemory at 0x7ffe39c60000 of 64 bytes failed: Only part of a ReadProcessMemory or WriteProcessMemory request was completed. (0x12B)
[0226/132700.863:WARNING:pe_image_reader.cc(340)] could not read dos header from C:\Program Files\BraveSoftware\Brave-Browser\Application\87.1.18.78\chrome.dll
[0226/132700.863:ERROR:process_memory_win.cc(73)] ReadMemory at 0x7ffe39c60000 of 64 bytes failed: Only part of a ReadProcessMemory or WriteProcessMemory request was completed. (0x12B)
[0226/132700.863:WARNING:pe_image_reader.cc(340)] could not read dos header from C:\Program Files\BraveSoftware\Brave-Browser\Application\87.1.18.78\chrome.dll
[0226/132700.863:ERROR:process_memory_win.cc(73)] ReadMemory at 0x7ffe4ca20000 of 64 bytes failed: Only part of a ReadProcessMemory or WriteProcessMemory request was completed. (0x12B)
[0226/132700.863:WARNING:pe_image_reader.cc(340)] could not read dos header from C:\Windows\SYSTEM32\dbghelp.dll
[0226/132700.863:ERROR:process_memory_win.cc(73)] ReadMemory at 0x7ffe4ca20000 of 64 bytes failed: Only part of a ReadProcessMemory or WriteProcessMemory request was completed. (0x12B)
[0226/132700.863:WARNING:pe_image_reader.cc(340)] could not read dos header from C:\Windows\SYSTEM32\dbghelp.dll
[0226/132700.863:ERROR:process_memory_win.cc(73)] ReadMemory at 0x7ffe69e10000 of 64 bytes failed: Only part of a ReadProcessMemory or WriteProcessMemory request was completed. (0x12B)
[0226/132700.863:WARNING:pe_image_reader.cc(340)] could not read dos header from C:\Windows\system32\WS2_32.dll
[0226/132700.863:ERROR:process_memory_win.cc(73)] ReadMemory at 0x7ffe69e10000 of 64 bytes failed: Only part of a ReadProcessMemory or WriteProcessMemory request was completed. (0x12B)
[0226/132700.863:WARNING:pe_image_reader.cc(340)] could not read dos header from C:\Windows\system32\WS2_32.dll
[0226/132700.863:ERROR:process_memory_win.cc(73)] ReadMemory at 0x7ffe64260000 of 64 bytes failed: Only part of a ReadProcessMemory or WriteProcessMemory request was completed. (0x12B)
[0226/132700.863:WARNING:pe_image_reader.cc(340)] could not read dos header from C:\Windows\SYSTEM32\IPHLPAPI.DLL
[0226/132700.863:ERROR:process_memory_win.cc(73)] ReadMemory at 0x7ffe64260000 of 64 bytes failed: Only part of a ReadProcessMemory or WriteProcessMemory request was completed. (0x12B)
[0226/132700.863:WARNING:pe_image_reader.cc(340)] could not read dos header from C:\Windows\SYSTEM32\IPHLPAPI.DLL
[0226/132700.863:ERROR:process_memory_win.cc(73)] ReadMemory at 0x7ffe69ed0000 of 64 bytes failed: Only part of a ReadProcessMemory or WriteProcessMemory request was completed. (0x12B)
[0226/132700.863:WARNING:pe_image_reader.cc(340)] could not read dos header from C:\Windows\system32\OLEAUT32.dll
[0226/132700.863:ERROR:process_memory_win.cc(73)] ReadMemory at 0x7ffe69ed0000 of 64 bytes failed: Only part of a ReadProcessMemory or WriteProcessMemory request was completed. (0x12B)
[0226/132700.863:WARNING:pe_image_reader.cc(340)] could not read dos header from C:\Windows\system32\OLEAUT32.dll
[0226/132700.863:ERROR:process_memory_win.cc(73)] ReadMemory at 0x7ffe667c0000 of 64 bytes failed: Only part of a ReadProcessMemory or WriteProcessMemory request was completed. (0x12B)
[0226/132700.863:WARNING:pe_image_reader.cc(340)] could not read dos header from C:\Windows\SYSTEM32\WINMM.dll
[0226/132700.863:ERROR:process_memory_win.cc(73)] ReadMemory at 0x7ffe667c0000 of 64 bytes failed: Only part of a ReadProcessMemory or WriteProcessMemory request was completed. (0x12B)
[0226/132700.863:WARNING:pe_image_reader.cc(340)] could not read dos header from C:\Windows\SYSTEM32\WINMM.dll
[0226/132700.863:ERROR:process_memory_win.cc(73)] ReadMemory at 0x7ffe63550000 of 64 bytes failed: Only part of a ReadProcessMemory or WriteProcessMemory request was completed. (0x12B)
[0226/132700.863:WARNING:pe_image_reader.cc(340)] could not read dos header from C:\Windows\SYSTEM32\UIAutomationCore.DLL
[0226/132700.863:ERROR:process_memory_win.cc(73)] ReadMemory at 0x7ffe63550000 of 64 bytes failed: Only part of a ReadProcessMemory or WriteProcessMemory request was completed. (0x12B)
[0226/132700.863:WARNING:pe_image_reader.cc(340)] could not read dos header from C:\Windows\SYSTEM32\UIAutomationCore.DLL
[0226/132700.863:ERROR:process_memory_win.cc(73)] ReadMemory at 0x7ffe5d220000 of 64 bytes failed: Only part of a ReadProcessMemory or WriteProcessMemory request was completed. (0x12B)
[0226/132700.863:WARNING:pe_image_reader.cc(340)] could not read dos header from C:\Windows\SYSTEM32\Secur32.dll
[0226/132700.864:ERROR:process_memory_win.cc(73)] ReadMemory at 0x7ffe5d220000 of 64 bytes failed: Only part of a ReadProcessMemory or WriteProcessMemory request was completed. (0x12B)
[0226/132700.864:WARNING:pe_image_reader.cc(340)] could not read dos header from C:\Windows\SYSTEM32\Secur32.dll
[0226/132700.864:ERROR:process_memory_win.cc(73)] ReadMemory at 0x7ffe68170000 of 64 bytes failed: Only part of a ReadProcessMemory or WriteProcessMemory request was completed. (0x12B)
[0226/132700.864:WARNING:pe_image_reader.cc(340)] could not read dos header from C:\Windows\SYSTEM32\USERENV.dll
[0226/132700.864:ERROR:process_memory_win.cc(73)] ReadMemory at 0x7ffe68170000 of 64 bytes failed: Only part of a ReadProcessMemory or WriteProcessMemory request was completed. (0x12B)
[0226/132700.864:WARNING:pe_image_reader.cc(340)] could not read dos header from C:\Windows\SYSTEM32\USERENV.dll
[0226/132700.864:ERROR:process_memory_win.cc(73)] ReadMemory at 0x7ffe68ec0000 of 64 bytes failed: Only part of a ReadProcessMemory or WriteProcessMemory request was completed. (0x12B)
[0226/132700.864:WARNING:pe_image_reader.cc(340)] could not read dos header from C:\Windows\system32\WINTRUST.dll
[0226/132700.864:ERROR:process_memory_win.cc(73)] ReadMemory at 0x7ffe68ec0000 of 64 bytes failed: Only part of a ReadProcessMemory or WriteProcessMemory request was completed. (0x12B)
[0226/132700.864:WARNING:pe_image_reader.cc(340)] could not read dos header from C:\Windows\system32\WINTRUST.dll
[0226/132700.864:ERROR:process_memory_win.cc(73)] ReadMemory at 0x7ffe68ce0000 of 64 bytes failed: Only part of a ReadProcessMemory or WriteProcessMemory request was completed. (0x12B)
[0226/132700.864:WARNING:pe_image_reader.cc(340)] could not read dos header from C:\Windows\system32\CRYPT32.dll
[0226/132700.864:ERROR:process_memory_win.cc(73)] ReadMemory at 0x7ffe68ce0000 of 64 bytes failed: Only part of a ReadProcessMemory or WriteProcessMemory request was completed. (0x12B)
[0226/132700.864:WARNING:pe_image_reader.cc(340)] could not read dos header from C:\Windows\system32\CRYPT32.dll
[0226/132700.864:ERROR:process_memory_win.cc(73)] ReadMemory at 0x7ffe66590000 of 64 bytes failed: Only part of a ReadProcessMemory or WriteProcessMemory request was completed. (0x12B)
[0226/132700.864:WARNING:pe_image_reader.cc(340)] could not read dos header from C:\Windows\SYSTEM32\DWrite.dll
[0226/132700.864:ERROR:process_memory_win.cc(73)] ReadMemory at 0x7ffe66590000 of 64 bytes failed: Only part of a ReadProcessMemory or WriteProcessMemory request was completed. (0x12B)
[0226/132700.864:WARNING:pe_image_reader.cc(340)] could not read dos header from C:\Windows\SYSTEM32\DWrite.dll
[0226/132700.864:ERROR:process_memory_win.cc(73)] ReadMemory at 0x7ffe5d230000 of 64 bytes failed: Only part of a ReadProcessMemory or WriteProcessMemory request was completed. (0x12B)
[0226/132700.864:WARNING:pe_image_reader.cc(340)] could not read dos header from C:\Windows\SYSTEM32\WINSPOOL.DRV
[0226/132700.864:ERROR:process_memory_win.cc(73)] ReadMemory at 0x7ffe5d230000 of 64 bytes failed: Only part of a ReadProcessMemory or WriteProcessMemory request was completed. (0x12B)
[0226/132700.864:WARNING:pe_image_reader.cc(340)] could not read dos header from C:\Windows\SYSTEM32\WINSPOOL.DRV
[0226/132700.864:ERROR:process_memory_win.cc(73)] ReadMemory at 0x7ffe50580000 of 64 bytes failed: Only part of a ReadProcessMemory or WriteProcessMemory request was completed. (0x12B)
[0226/132700.864:WARNING:pe_image_reader.cc(340)] could not read dos header from C:\Windows\SYSTEM32\WINHTTP.dll
[0226/132700.864:ERROR:process_memory_win.cc(73)] ReadMemory at 0x7ffe50580000 of 64 bytes failed: Only part of a ReadProcessMemory or WriteProcessMemory request was completed. (0x12B)
[0226/132700.864:WARNING:pe_image_reader.cc(340)] could not read dos header from C:\Windows\SYSTEM32\WINHTTP.dll
[0226/132700.864:ERROR:process_memory_win.cc(73)] ReadMemory at 0x7ffe63ab0000 of 64 bytes failed: Only part of a ReadProcessMemory or WriteProcessMemory request was completed. (0x12B)
[0226/132700.864:WARNING:pe_image_reader.cc(340)] could not read dos header from C:\Windows\SYSTEM32\dhcpcsvc.DLL
[0226/132700.864:ERROR:process_memory_win.cc(73)] ReadMemory at 0x7ffe63ab0000 of 64 bytes failed: Only part of a ReadProcessMemory or WriteProcessMemory request was completed. (0x12B)
[0226/132700.864:WARNING:pe_image_reader.cc(340)] could not read dos header from C:\Windows\SYSTEM32\dhcpcsvc.DLL
[0226/132700.864:ERROR:process_memory_win.cc(73)] ReadMemory at 0x7ffe69470000 of 64 bytes failed: Only part of a ReadProcessMemory or WriteProcessMemory request was completed. (0x12B)
[0226/132700.864:WARNING:pe_image_reader.cc(340)] could not read dos header from C:\Windows\system32\NSI.dll
[0226/132700.864:ERROR:process_memory_win.cc(73)] ReadMemory at 0x7ffe69470000 of 64 bytes failed: Only part of a ReadProcessMemory or WriteProcessMemory request was completed. (0x12B)
[0226/132700.864:WARNING:pe_image_reader.cc(340)] could not read dos header from C:\Windows\system32\NSI.dll
[0226/132700.864:ERROR:process_memory_win.cc(73)] ReadMemory at 0x7ffe64250000 of 64 bytes failed: Only part of a ReadProcessMemory or WriteProcessMemory request was completed. (0x12B)
[0226/132700.864:WARNING:pe_image_reader.cc(340)] could not read dos header from C:\Windows\SYSTEM32\WINNSI.DLL
[0226/132700.864:ERROR:process_memory_win.cc(73)] ReadMemory at 0x7ffe64250000 of 64 bytes failed: Only part of a ReadProcessMemory or WriteProcessMemory request was completed. (0x12B)
[0226/132700.864:WARNING:pe_image_reader.cc(340)] could not read dos header from C:\Windows\SYSTEM32\WINNSI.DLL
[0226/132700.864:ERROR:process_memory_win.cc(73)] ReadMemory at 0x7ffe69600000 of 64 bytes failed: Only part of a ReadProcessMemory or WriteProcessMemory request was completed. (0x12B)
[0226/132700.864:WARNING:pe_image_reader.cc(340)] could not read dos header from C:\Windows\system32\combase.dll
[0226/132700.864:ERROR:process_memory_win.cc(73)] ReadMemory at 0x7ffe69600000 of 64 bytes failed: Only part of a ReadProcessMemory or WriteProcessMemory request was completed. (0x12B)
[0226/132700.864:WARNING:pe_image_reader.cc(340)] could not read dos header from C:\Windows\system32\combase.dll
[0226/132700.865:ERROR:process_memory_win.cc(73)] ReadMemory at 0x7ffe66790000 of 64 bytes failed: Only part of a ReadProcessMemory or WriteProcessMemory request was completed. (0x12B)
[0226/132700.865:WARNING:pe_image_reader.cc(340)] could not read dos header from C:\Windows\SYSTEM32\WINMMBASE.dll
[0226/132700.865:ERROR:process_memory_win.cc(73)] ReadMemory at 0x7ffe66790000 of 64 bytes failed: Only part of a ReadProcessMemory or WriteProcessMemory request was completed. (0x12B)
[0226/132700.865:WARNING:pe_image_reader.cc(340)] could not read dos header from C:\Windows\SYSTEM32\WINMMBASE.dll
[0226/132700.865:ERROR:process_memory_win.cc(73)] ReadMemory at 0x8725050000 of 64 bytes failed: Only part of a ReadProcessMemory or WriteProcessMemory request was completed. (0x12B)
[0226/132700.865:WARNING:pe_image_reader.cc(340)] could not read dos header from C:\Windows\system32\USER32.dll
[0226/132700.865:ERROR:process_memory_win.cc(73)] ReadMemory at 0x8725050000 of 64 bytes failed: Only part of a ReadProcessMemory or WriteProcessMemory request was completed. (0x12B)
[0226/132700.865:WARNING:pe_image_reader.cc(340)] could not read dos header from C:\Windows\system32\USER32.dll
[0226/132700.865:ERROR:process_memory_win.cc(73)] ReadMemory at 0x7ffe68b00000 of 64 bytes failed: Only part of a ReadProcessMemory or WriteProcessMemory request was completed. (0x12B)
[0226/132700.865:WARNING:pe_image_reader.cc(340)] could not read dos header from C:\Windows\SYSTEM32\profapi.dll
[0226/132700.865:ERROR:process_memory_win.cc(73)] ReadMemory at 0x7ffe68b00000 of 64 bytes failed: Only part of a ReadProcessMemory or WriteProcessMemory request was completed. (0x12B)
[0226/132700.865:WARNING:pe_image_reader.cc(340)] could not read dos header from C:\Windows\SYSTEM32\profapi.dll
[0226/132700.865:ERROR:process_memory_win.cc(73)] ReadMemory at 0x7ffe68bb0000 of 64 bytes failed: Only part of a ReadProcessMemory or WriteProcessMemory request was completed. (0x12B)
[0226/132700.865:WARNING:pe_image_reader.cc(340)] could not read dos header from C:\Windows\system32\MSASN1.dll
[0226/132700.865:ERROR:process_memory_win.cc(73)] ReadMemory at 0x7ffe68bb0000 of 64 bytes failed: Only part of a ReadProcessMemory or WriteProcessMemory request was completed. (0x12B)
[0226/132700.865:WARNING:pe_image_reader.cc(340)] could not read dos header from C:\Windows\system32\MSASN1.dll
[0226/132700.865:ERROR:process_memory_win.cc(73)] ReadMemory at 0x7ffe68fc0000 of 64 bytes failed: Only part of a ReadProcessMemory or WriteProcessMemory request was completed. (0x12B)
[0226/132700.865:WARNING:pe_image_reader.cc(340)] could not read dos header from C:\Windows\SYSTEM32\cfgmgr32.dll
[0226/132700.865:ERROR:process_memory_win.cc(73)] ReadMemory at 0x7ffe68fc0000 of 64 bytes failed: Only part of a ReadProcessMemory or WriteProcessMemory request was completed. (0x12B)
[0226/132700.865:WARNING:pe_image_reader.cc(340)] could not read dos header from C:\Windows\SYSTEM32\cfgmgr32.dll
[0226/132700.865:ERROR:process_memory_win.cc(73)] ReadMemory at 0x7ffe67980000 of 64 bytes failed: Only part of a ReadProcessMemory or WriteProcessMemory request was completed. (0x12B)
[0226/132700.865:WARNING:pe_image_reader.cc(340)] could not read dos header from C:\Windows\SYSTEM32\DEVOBJ.dll
[0226/132700.865:ERROR:process_memory_win.cc(73)] ReadMemory at 0x7ffe67980000 of 64 bytes failed: Only part of a ReadProcessMemory or WriteProcessMemory request was completed. (0x12B)
[0226/132701.244:WARNING:pe_image_reader.cc(340)] could not read dos header from C:\Windows\SYSTEM32\DEVOBJ.dll
[0226/132701.244:ERROR:process_memory_win.cc(73)] ReadMemory at 0x7ffe690e0000 of 64 bytes failed: Only part of a ReadProcessMemory or WriteProcessMemory request was completed. (0x12B)
[0226/132701.244:WARNING:pe_image_reader.cc(340)] could not read dos header from C:\Windows\system32\GDI32.dll
[0226/132701.244:ERROR:process_memory_win.cc(73)] ReadMemory at 0x7ffe690e0000 of 64 bytes failed: Only part of a ReadProcessMemory or WriteProcessMemory request was completed. (0x12B)
[0226/132701.244:WARNING:pe_image_reader.cc(340)] could not read dos header from C:\Windows\system32\GDI32.dll
[0226/132701.244:ERROR:process_memory_win.cc(73)] ReadMemory at 0x7ffe689b0000 of 64 bytes failed: Only part of a ReadProcessMemory or WriteProcessMemory request was completed. (0x12B)
[0226/132701.244:WARNING:pe_image_reader.cc(340)] could not read dos header from C:\Windows\SYSTEM32\SSPICLI.DLL
[0226/132701.245:ERROR:process_memory_win.cc(73)] ReadMemory at 0x7ffe689b0000 of 64 bytes failed: Only part of a ReadProcessMemory or WriteProcessMemory request was completed. (0x12B)
[0226/132701.245:WARNING:pe_image_reader.cc(340)] could not read dos header from C:\Windows\SYSTEM32\SSPICLI.DLL
[0226/132701.245:ERROR:process_memory_win.cc(73)] ReadMemory at 0x7ffe6a1d0000 of 64 bytes failed: Only part of a ReadProcessMemory or WriteProcessMemory request was completed. (0x12B)
[0226/132701.245:WARNING:pe_image_reader.cc(340)] could not read dos header from C:\Windows\system32\IMM32.DLL
[0226/132701.245:ERROR:process_memory_win.cc(73)] ReadMemory at 0x7ffe6a1d0000 of 64 bytes failed: Only part of a ReadProcessMemory or WriteProcessMemory request was completed. (0x12B)
[0226/132701.245:WARNING:pe_image_reader.cc(340)] could not read dos header from C:\Windows\system32\IMM32.DLL
[0226/132701.245:ERROR:process_memory_win.cc(73)] ReadMemory at 0x7ffe69ff0000 of 64 bytes failed: Only part of a ReadProcessMemory or WriteProcessMemory request was completed. (0x12B)
[0226/132701.245:WARNING:pe_image_reader.cc(340)] could not read dos header from C:\Windows\system32\MSCTF.dll
[0226/132701.245:ERROR:process_memory_win.cc(73)] ReadMemory at 0x7ffe69ff0000 of 64 bytes failed: Only part of a ReadProcessMemory or WriteProcessMemory request was completed. (0x12B)
[0226/132701.245:WARNING:pe_image_reader.cc(340)] could not read dos header from C:\Windows\system32\MSCTF.dll
[0226/132701.245:ERROR:process_memory_win.cc(73)] ReadMemory at 0x7ffe68a40000 of 64 bytes failed: Only part of a ReadProcessMemory or WriteProcessMemory request was completed. (0x12B)
[0226/132701.245:WARNING:pe_image_reader.cc(340)] could not read dos header from C:\Windows\SYSTEM32\CRYPTBASE.DLL
[0226/132701.245:ERROR:process_memory_win.cc(73)] ReadMemory at 0x7ffe68a40000 of 64 bytes failed: Only part of a ReadProcessMemory or WriteProcessMemory request was completed. (0x12B)
[0226/132701.245:WARNING:pe_image_reader.cc(340)] could not read dos header from C:\Windows\SYSTEM32\CRYPTBASE.DLL
[0226/132701.245:ERROR:process_memory_win.cc(73)] ReadMemory at 0x7ffe689e0000 of 64 bytes failed: Only part of a ReadProcessMemory or WriteProcessMemory request was completed. (0x12B)
[0226/132701.245:WARNING:pe_image_reader.cc(340)] could not read dos header from C:\Windows\SYSTEM32\bcryptPrimitives.dll
[0226/132701.245:ERROR:process_memory_win.cc(73)] ReadMemory at 0x7ffe689e0000 of 64 bytes failed: Only part of a ReadProcessMemory or WriteProcessMemory request was completed. (0x12B)
[0226/132701.245:WARNING:pe_image_reader.cc(340)] could not read dos header from C:\Windows\SYSTEM32\bcryptPrimitives.dll
[0226/132717.591:ERROR:process_memory_win.cc(73)] ReadMemory at 0x7ff6acab0000 of 64 bytes failed: Only part of a ReadProcessMemory or WriteProcessMemory request was completed. (0x12B)
[0226/132717.591:WARNING:pe_image_reader.cc(340)] could not read dos header from C:\Program Files\BraveSoftware\Brave-Browser\Application\brave.exe
[0226/132717.591:ERROR:process_memory_win.cc(73)] ReadMemory at 0x7ffe6b790000 of 64 bytes failed: Only part of a ReadProcessMemory or WriteProcessMemory request was completed. (0x12B)
[0226/132717.591:WARNING:pe_image_reader.cc(340)] could not read dos header from C:\Windows\SYSTEM32\ntdll.dll
[0226/132717.830:ERROR:process_memory_win.cc(73)] ReadMemory at 0x7ffe69890000 of 64 bytes failed: Only part of a ReadProcessMemory or WriteProcessMemory request was completed. (0x12B)
[0226/132717.830:WARNING:pe_image_reader.cc(340)] could not read dos header from C:\Windows\system32\KERNEL32.DLL
[0226/132717.830:ERROR:process_memory_win.cc(73)] ReadMemory at 0x7ffe68bd0000 of 64 bytes failed: Only part of a ReadProcessMemory or WriteProcessMemory request was completed. (0x12B)
[0226/132717.830:WARNING:pe_image_reader.cc(340)] could not read dos header from C:\Windows\system32\KERNELBASE.dll
[0226/132717.830:ERROR:process_memory_win.cc(73)] ReadMemory at 0x7ffe4c920000 of 64 bytes failed: Only part of a ReadProcessMemory or WriteProcessMemory request was completed. (0x12B)
[0226/132717.830:WARNING:pe_image_reader.cc(340)] could not read dos header from C:\Program Files\BraveSoftware\Brave-Browser\Application\87.1.18.78\chrome_elf.dll
[0226/132717.830:ERROR:process_memory_win.cc(73)] ReadMemory at 0x7ffe61380000 of 64 bytes failed: Only part of a ReadProcessMemory or WriteProcessMemory request was completed. (0x12B)
[0226/132717.830:WARNING:pe_image_reader.cc(340)] could not read dos header from C:\Windows\SYSTEM32\VERSION.dll
[0226/132717.830:ERROR:process_memory_win.cc(73)] ReadMemory at 0x7ffe697e0000 of 64 bytes failed: Only part of a ReadProcessMemory or WriteProcessMemory request was completed. (0x12B)
[0226/132717.830:WARNING:pe_image_reader.cc(340)] could not read dos header from C:\Windows\system32\msvcrt.dll
[0226/132717.830:ERROR:process_memory_win.cc(73)] ReadMemory at 0x7ffe69010000 of 64 bytes failed: Only part of a ReadProcessMemory or WriteProcessMemory request was completed. (0x12B)
[0226/132717.830:WARNING:pe_image_reader.cc(340)] could not read dos header from C:\Windows\system32\ADVAPI32.dll
[0226/132717.830:ERROR:process_memory_win.cc(73)] ReadMemory at 0x7ffe69e70000 of 64 bytes failed: Only part of a ReadProcessMemory or WriteProcessMemory request was completed. (0x12B)
[0226/132717.830:WARNING:pe_image_reader.cc(340)] could not read dos header from C:\Windows\SYSTEM32\sechost.dll
[0226/132717.830:ERROR:process_memory_win.cc(73)] ReadMemory at 0x7ffe6b630000 of 64 bytes failed: Only part of a ReadProcessMemory or WriteProcessMemory request was completed. (0x12B)
[0226/132717.830:WARNING:pe_image_reader.cc(340)] could not read dos header from C:\Windows\system32\RPCRT4.dll
[0226/132717.830:ERROR:process_memory_win.cc(73)] ReadMemory at 0x7ffe39c60000 of 64 bytes failed: Only part of a ReadProcessMemory or WriteProcessMemory request was completed. (0x12B)
[0226/132717.830:WARNING:pe_image_reader.cc(340)] could not read dos header from C:\Program Files\BraveSoftware\Brave-Browser\Application\87.1.18.78\chrome.dll
[0226/132717.831:ERROR:process_memory_win.cc(73)] ReadMemory at 0x7ffe4ca20000 of 64 bytes failed: Only part of a ReadProcessMemory or WriteProcessMemory request was completed. (0x12B)
[0226/132717.831:WARNING:pe_image_reader.cc(340)] could not read dos header from C:\Windows\SYSTEM32\dbghelp.dll
[0226/132717.831:ERROR:process_memory_win.cc(73)] ReadMemory at 0x7ffe69e10000 of 64 bytes failed: Only part of a ReadProcessMemory or WriteProcessMemory request was completed. (0x12B)
[0226/132717.831:WARNING:pe_image_reader.cc(340)] could not read dos header from C:\Windows\system32\WS2_32.dll
[0226/132717.831:ERROR:process_memory_win.cc(73)] ReadMemory at 0x7ffe64260000 of 64 bytes failed: Only part of a ReadProcessMemory or WriteProcessMemory request was completed. (0x12B)
[0226/132717.831:WARNING:pe_image_reader.cc(340)] could not read dos header from C:\Windows\SYSTEM32\IPHLPAPI.DLL
[0226/132717.831:ERROR:process_memory_win.cc(73)] ReadMemory at 0x7ffe69ed0000 of 64 bytes failed: Only part of a ReadProcessMemory or WriteProcessMemory request was completed. (0x12B)
[0226/132717.831:WARNING:pe_image_reader.cc(340)] could not read dos header from C:\Windows\system32\OLEAUT32.dll
[0226/132717.831:ERROR:process_memory_win.cc(73)] ReadMemory at 0x7ffe667c0000 of 64 bytes failed: Only part of a ReadProcessMemory or WriteProcessMemory request was completed. (0x12B)
[0226/132717.831:WARNING:pe_image_reader.cc(340)] could not read dos header from C:\Windows\SYSTEM32\WINMM.dll
[0226/132717.831:ERROR:process_memory_win.cc(73)] ReadMemory at 0x7ffe63550000 of 64 bytes failed: Only part of a ReadProcessMemory or WriteProcessMemory request was completed. (0x12B)
[0226/132717.831:WARNING:pe_image_reader.cc(340)] could not read dos header from C:\Windows\SYSTEM32\UIAutomationCore.DLL
[0226/132717.831:ERROR:process_memory_win.cc(73)] ReadMemory at 0x7ffe5d220000 of 64 bytes failed: Only part of a ReadProcessMemory or WriteProcessMemory request was completed. (0x12B)
[0226/132717.831:WARNING:pe_image_reader.cc(340)] could not read dos header from C:\Windows\SYSTEM32\Secur32.dll
[0226/132717.831:ERROR:process_memory_win.cc(73)] ReadMemory at 0x7ffe68170000 of 64 bytes failed: Only part of a ReadProcessMemory or WriteProcessMemory request was completed. (0x12B)
[0226/132717.831:WARNING:pe_image_reader.cc(340)] could not read dos header from C:\Windows\SYSTEM32\USERENV.dll
[0226/132717.831:ERROR:process_memory_win.cc(73)] ReadMemory at 0x7ffe68ec0000 of 64 bytes failed: Only part of a ReadProcessMemory or WriteProcessMemory request was completed. (0x12B)
[0226/132717.831:WARNING:pe_image_reader.cc(340)] could not read dos header from C:\Windows\system32\WINTRUST.dll
[0226/132717.831:ERROR:process_memory_win.cc(73)] ReadMemory at 0x7ffe68ce0000 of 64 bytes failed: Only part of a ReadProcessMemory or WriteProcessMemory request was completed. (0x12B)
[0226/132717.831:WARNING:pe_image_reader.cc(340)] could not read dos header from C:\Windows\system32\CRYPT32.dll
[0226/132717.831:ERROR:process_memory_win.cc(73)] ReadMemory at 0x7ffe66590000 of 64 bytes failed: Only part of a ReadProcessMemory or WriteProcessMemory request was completed. (0x12B)
[0226/132717.831:WARNING:pe_image_reader.cc(340)] could not read dos header from C:\Windows\SYSTEM32\DWrite.dll
[0226/132717.831:ERROR:process_memory_win.cc(73)] ReadMemory at 0x7ffe5d230000 of 64 bytes failed: Only part of a ReadProcessMemory or WriteProcessMemory request was completed. (0x12B)
[0226/132717.831:WARNING:pe_image_reader.cc(340)] could not read dos header from C:\Windows\SYSTEM32\WINSPOOL.DRV
[0226/132717.831:ERROR:process_memory_win.cc(73)] ReadMemory at 0x7ffe50580000 of 64 bytes failed: Only part of a ReadProcessMemory or WriteProcessMemory request was completed. (0x12B)
[0226/132717.831:WARNING:pe_image_reader.cc(340)] could not read dos header from C:\Windows\SYSTEM32\WINHTTP.dll
[0226/132717.831:ERROR:process_memory_win.cc(73)] ReadMemory at 0x7ffe63ab0000 of 64 bytes failed: Only part of a ReadProcessMemory or WriteProcessMemory request was completed. (0x12B)
[0226/132717.831:WARNING:pe_image_reader.cc(340)] could not read dos header from C:\Windows\SYSTEM32\dhcpcsvc.DLL
[0226/132717.831:ERROR:process_memory_win.cc(73)] ReadMemory at 0x7ffe69470000 of 64 bytes failed: Only part of a ReadProcessMemory or WriteProcessMemory request was completed. (0x12B)
[0226/132717.831:WARNING:pe_image_reader.cc(340)] could not read dos header from C:\Windows\system32\NSI.dll
[0226/132717.831:ERROR:process_memory_win.cc(73)] ReadMemory at 0x7ffe64250000 of 64 bytes failed: Only part of a ReadProcessMemory or WriteProcessMemory request was completed. (0x12B)
[0226/132717.831:WARNING:pe_image_reader.cc(340)] could not read dos header from C:\Windows\SYSTEM32\WINNSI.DLL
[0226/132717.831:ERROR:process_memory_win.cc(73)] ReadMemory at 0x7ffe69600000 of 64 bytes failed: Only part of a ReadProcessMemory or WriteProcessMemory request was completed. (0x12B)
[0226/132717.831:WARNING:pe_image_reader.cc(340)] could not read dos header from C:\Windows\system32\combase.dll
[0226/132717.831:ERROR:process_memory_win.cc(73)] ReadMemory at 0x7ffe66790000 of 64 bytes failed: Only part of a ReadProcessMemory or WriteProcessMemory request was completed. (0x12B)
[0226/132717.831:WARNING:pe_image_reader.cc(340)] could not read dos header from C:\Windows\SYSTEM32\WINMMBASE.dll
[0226/132717.831:ERROR:process_memory_win.cc(73)] ReadMemory at 0x8725050000 of 64 bytes failed: Only part of a ReadProcessMemory or WriteProcessMemory request was completed. (0x12B)
[0226/132717.831:WARNING:pe_image_reader.cc(340)] could not read dos header from C:\Windows\system32\USER32.dll
[0226/132717.831:ERROR:process_memory_win.cc(73)] ReadMemory at 0x7ffe68b00000 of 64 bytes failed: Only part of a ReadProcessMemory or WriteProcessMemory request was completed. (0x12B)
[0226/132717.831:WARNING:pe_image_reader.cc(340)] could not read dos header from C:\Windows\SYSTEM32\profapi.dll
[0226/132717.831:ERROR:process_memory_win.cc(73)] ReadMemory at 0x7ffe68bb0000 of 64 bytes failed: Only part of a ReadProcessMemory or WriteProcessMemory request was completed. (0x12B)
[0226/132717.831:WARNING:pe_image_reader.cc(340)] could not read dos header from C:\Windows\system32\MSASN1.dll
[0226/132717.832:ERROR:process_memory_win.cc(73)] ReadMemory at 0x7ffe68fc0000 of 64 bytes failed: Only part of a ReadProcessMemory or WriteProcessMemory request was completed. (0x12B)
[0226/132717.832:WARNING:pe_image_reader.cc(340)] could not read dos header from C:\Windows\SYSTEM32\cfgmgr32.dll
[0226/132717.832:ERROR:process_memory_win.cc(73)] ReadMemory at 0x7ffe67980000 of 64 bytes failed: Only part of a ReadProcessMemory or WriteProcessMemory request was completed. (0x12B)
[0226/132717.832:WARNING:pe_image_reader.cc(340)] could not read dos header from C:\Windows\SYSTEM32\DEVOBJ.dll
[0226/132717.832:ERROR:process_memory_win.cc(73)] ReadMemory at 0x7ffe690e0000 of 64 bytes failed: Only part of a ReadProcessMemory or WriteProcessMemory request was completed. (0x12B)
[0226/132717.832:WARNING:pe_image_reader.cc(340)] could not read dos header from C:\Windows\system32\GDI32.dll
[0226/132717.832:ERROR:process_memory_win.cc(73)] ReadMemory at 0x7ffe689b0000 of 64 bytes failed: Only part of a ReadProcessMemory or WriteProcessMemory request was completed. (0x12B)
[0226/132717.832:WARNING:pe_image_reader.cc(340)] could not read dos header from C:\Windows\SYSTEM32\SSPICLI.DLL
[0226/132717.832:ERROR:process_memory_win.cc(73)] ReadMemory at 0x7ffe6a1d0000 of 64 bytes failed: Only part of a ReadProcessMemory or WriteProcessMemory request was completed. (0x12B)
[0226/132717.832:WARNING:pe_image_reader.cc(340)] could not read dos header from C:\Windows\system32\IMM32.DLL
[0226/132717.832:ERROR:process_memory_win.cc(73)] ReadMemory at 0x7ffe69ff0000 of 64 bytes failed: Only part of a ReadProcessMemory or WriteProcessMemory request was completed. (0x12B)
[0226/132717.832:WARNING:pe_image_reader.cc(340)] could not read dos header from C:\Windows\system32\MSCTF.dll
[0226/132717.832:ERROR:process_memory_win.cc(73)] ReadMemory at 0x7ffe68a40000 of 64 bytes failed: Only part of a ReadProcessMemory or WriteProcessMemory request was completed. (0x12B)
[0226/132717.832:WARNING:pe_image_reader.cc(340)] could not read dos header from C:\Windows\SYSTEM32\CRYPTBASE.DLL
[0226/132717.832:ERROR:process_memory_win.cc(73)] ReadMemory at 0x7ffe689e0000 of 64 bytes failed: Only part of a ReadProcessMemory or WriteProcessMemory request was completed. (0x12B)
[0226/132717.832:WARNING:pe_image_reader.cc(340)] could not read dos header from C:\Windows\SYSTEM32\bcryptPrimitives.dll
[0226/132718.012:ERROR:process_memory_win.cc(73)] ReadMemory at 0x7ff6acab0000 of 64 bytes failed: Only part of a ReadProcessMemory or WriteProcessMemory request was completed. (0x12B)
[0226/132718.012:WARNING:pe_image_reader.cc(340)] could not read dos header from C:\Program Files\BraveSoftware\Brave-Browser\Application\brave.exe
[0226/132718.012:ERROR:process_memory_win.cc(73)] ReadMemory at 0x7ffe6b790000 of 64 bytes failed: Only part of a ReadProcessMemory or WriteProcessMemory request was completed. (0x12B)
[0226/132718.012:WARNING:pe_image_reader.cc(340)] could not read dos header from C:\Windows\SYSTEM32\ntdll.dll
[0226/132718.013:ERROR:process_memory_win.cc(73)] ReadMemory at 0x7ffe69890000 of 64 bytes failed: Only part of a ReadProcessMemory or WriteProcessMemory request was completed. (0x12B)
[0226/132718.013:WARNING:pe_image_reader.cc(340)] could not read dos header from C:\Windows\system32\KERNEL32.DLL
[0226/132718.013:ERROR:process_memory_win.cc(73)] ReadMemory at 0x7ffe68bd0000 of 64 bytes failed: Only part of a ReadProcessMemory or WriteProcessMemory request was completed. (0x12B)
[0226/132718.013:WARNING:pe_image_reader.cc(340)] could not read dos header from C:\Windows\system32\KERNELBASE.dll
[0226/132718.013:ERROR:process_memory_win.cc(73)] ReadMemory at 0x7ffe4c920000 of 64 bytes failed: Only part of a ReadProcessMemory or WriteProcessMemory request was completed. (0x12B)
[0226/132718.013:WARNING:pe_image_reader.cc(340)] could not read dos header from C:\Program Files\BraveSoftware\Brave-Browser\Application\87.1.18.78\chrome_elf.dll
[0226/132718.013:ERROR:process_memory_win.cc(73)] ReadMemory at 0x7ffe61380000 of 64 bytes failed: Only part of a ReadProcessMemory or WriteProcessMemory request was completed. (0x12B)
[0226/132718.013:WARNING:pe_image_reader.cc(340)] could not read dos header from C:\Windows\SYSTEM32\VERSION.dll
[0226/132718.013:ERROR:process_memory_win.cc(73)] ReadMemory at 0x7ffe697e0000 of 64 bytes failed: Only part of a ReadProcessMemory or WriteProcessMemory request was completed. (0x12B)
[0226/132718.013:WARNING:pe_image_reader.cc(340)] could not read dos header from C:\Windows\system32\msvcrt.dll
[0226/132718.013:ERROR:process_memory_win.cc(73)] ReadMemory at 0x7ffe69010000 of 64 bytes failed: Only part of a ReadProcessMemory or WriteProcessMemory request was completed. (0x12B)
[0226/132718.013:WARNING:pe_image_reader.cc(340)] could not read dos header from C:\Windows\system32\ADVAPI32.dll
[0226/132718.013:ERROR:process_memory_win.cc(73)] ReadMemory at 0x7ffe69e70000 of 64 bytes failed: Only part of a ReadProcessMemory or WriteProcessMemory request was completed. (0x12B)
[0226/132718.013:WARNING:pe_image_reader.cc(340)] could not read dos header from C:\Windows\SYSTEM32\sechost.dll
[0226/132718.013:ERROR:process_memory_win.cc(73)] ReadMemory at 0x7ffe6b630000 of 64 bytes failed: Only part of a ReadProcessMemory or WriteProcessMemory request was completed. (0x12B)
[0226/132718.013:WARNING:pe_image_reader.cc(340)] could not read dos header from C:\Windows\system32\RPCRT4.dll
[0226/132718.013:ERROR:process_memory_win.cc(73)] ReadMemory at 0x7ffe39c60000 of 64 bytes failed: Only part of a ReadProcessMemory or WriteProcessMemory request was completed. (0x12B)
[0226/132718.013:WARNING:pe_image_reader.cc(340)] could not read dos header from C:\Program Files\BraveSoftware\Brave-Browser\Application\87.1.18.78\chrome.dll
[0226/132718.013:ERROR:process_memory_win.cc(73)] ReadMemory at 0x7ffe4ca20000 of 64 bytes failed: Only part of a ReadProcessMemory or WriteProcessMemory request was completed. (0x12B)
[0226/132718.013:WARNING:pe_image_reader.cc(340)] could not read dos header from C:\Windows\SYSTEM32\dbghelp.dll
[0226/132718.013:ERROR:process_memory_win.cc(73)] ReadMemory at 0x7ffe69e10000 of 64 bytes failed: Only part of a ReadProcessMemory or WriteProcessMemory request was completed. (0x12B)
[0226/132718.013:WARNING:pe_image_reader.cc(340)] could not read dos header from C:\Windows\system32\WS2_32.dll
[0226/132718.013:ERROR:process_memory_win.cc(73)] ReadMemory at 0x7ffe64260000 of 64 bytes failed: Only part of a ReadProcessMemory or WriteProcessMemory request was completed. (0x12B)
[0226/132718.013:WARNING:pe_image_reader.cc(340)] could not read dos header from C:\Windows\SYSTEM32\IPHLPAPI.DLL
[0226/132718.013:ERROR:process_memory_win.cc(73)] ReadMemory at 0x7ffe69ed0000 of 64 bytes failed: Only part of a ReadProcessMemory or WriteProcessMemory request was completed. (0x12B)
[0226/132718.013:WARNING:pe_image_reader.cc(340)] could not read dos header from C:\Windows\system32\OLEAUT32.dll
[0226/132718.013:ERROR:process_memory_win.cc(73)] ReadMemory at 0x7ffe667c0000 of 64 bytes failed: Only part of a ReadProcessMemory or WriteProcessMemory request was completed. (0x12B)
[0226/132718.013:WARNING:pe_image_reader.cc(340)] could not read dos header from C:\Windows\SYSTEM32\WINMM.dll
[0226/132718.013:ERROR:process_memory_win.cc(73)] ReadMemory at 0x7ffe63550000 of 64 bytes failed: Only part of a ReadProcessMemory or WriteProcessMemory request was completed. (0x12B)
[0226/132718.013:WARNING:pe_image_reader.cc(340)] could not read dos header from C:\Windows\SYSTEM32\UIAutomationCore.DLL
[0226/132718.013:ERROR:process_memory_win.cc(73)] ReadMemory at 0x7ffe5d220000 of 64 bytes failed: Only part of a ReadProcessMemory or WriteProcessMemory request was completed. (0x12B)
[0226/132718.013:WARNING:pe_image_reader.cc(340)] could not read dos header from C:\Windows\SYSTEM32\Secur32.dll
[0226/132718.013:ERROR:process_memory_win.cc(73)] ReadMemory at 0x7ffe68170000 of 64 bytes failed: Only part of a ReadProcessMemory or WriteProcessMemory request was completed. (0x12B)
[0226/132718.013:WARNING:pe_image_reader.cc(340)] could not read dos header from C:\Windows\SYSTEM32\USERENV.dll
[0226/132718.013:ERROR:process_memory_win.cc(73)] ReadMemory at 0x7ffe68ec0000 of 64 bytes failed: Only part of a ReadProcessMemory or WriteProcessMemory request was completed. (0x12B)
[0226/132718.013:WARNING:pe_image_reader.cc(340)] could not read dos header from C:\Windows\system32\WINTRUST.dll
[0226/132718.013:ERROR:process_memory_win.cc(73)] ReadMemory at 0x7ffe68ce0000 of 64 bytes failed: Only part of a ReadProcessMemory or WriteProcessMemory request was completed. (0x12B)
[0226/132718.013:WARNING:pe_image_reader.cc(340)] could not read dos header from C:\Windows\system32\CRYPT32.dll
[0226/132718.013:ERROR:process_memory_win.cc(73)] ReadMemory at 0x7ffe66590000 of 64 bytes failed: Only part of a ReadProcessMemory or WriteProcessMemory request was completed. (0x12B)
[0226/132718.013:WARNING:pe_image_reader.cc(340)] could not read dos header from C:\Windows\SYSTEM32\DWrite.dll
[0226/132718.013:ERROR:process_memory_win.cc(73)] ReadMemory at 0x7ffe5d230000 of 64 bytes failed: Only part of a ReadProcessMemory or WriteProcessMemory request was completed. (0x12B)
[0226/132718.013:WARNING:pe_image_reader.cc(340)] could not read dos header from C:\Windows\SYSTEM32\WINSPOOL.DRV
[0226/132718.014:ERROR:process_memory_win.cc(73)] ReadMemory at 0x7ffe50580000 of 64 bytes failed: Only part of a ReadProcessMemory or WriteProcessMemory request was completed. (0x12B)
[0226/132718.014:WARNING:pe_image_reader.cc(340)] could not read dos header from C:\Windows\SYSTEM32\WINHTTP.dll
[0226/132718.014:ERROR:process_memory_win.cc(73)] ReadMemory at 0x7ffe63ab0000 of 64 bytes failed: Only part of a ReadProcessMemory or WriteProcessMemory request was completed. (0x12B)
[0226/132718.014:WARNING:pe_image_reader.cc(340)] could not read dos header from C:\Windows\SYSTEM32\dhcpcsvc.DLL
[0226/132718.014:ERROR:process_memory_win.cc(73)] ReadMemory at 0x7ffe69470000 of 64 bytes failed: Only part of a ReadProcessMemory or WriteProcessMemory request was completed. (0x12B)
[0226/132718.014:WARNING:pe_image_reader.cc(340)] could not read dos header from C:\Windows\system32\NSI.dll
[0226/132718.014:ERROR:process_memory_win.cc(73)] ReadMemory at 0x7ffe64250000 of 64 bytes failed: Only part of a ReadProcessMemory or WriteProcessMemory request was completed. (0x12B)
[0226/132718.014:WARNING:pe_image_reader.cc(340)] could not read dos header from C:\Windows\SYSTEM32\WINNSI.DLL
[0226/132718.014:ERROR:process_memory_win.cc(73)] ReadMemory at 0x7ffe69600000 of 64 bytes failed: Only part of a ReadProcessMemory or WriteProcessMemory request was completed. (0x12B)
[0226/132718.014:WARNING:pe_image_reader.cc(340)] could not read dos header from C:\Windows\system32\combase.dll
[0226/132718.014:ERROR:process_memory_win.cc(73)] ReadMemory at 0x7ffe66790000 of 64 bytes failed: Only part of a ReadProcessMemory or WriteProcessMemory request was completed. (0x12B)
[0226/132718.014:WARNING:pe_image_reader.cc(340)] could not read dos header from C:\Windows\SYSTEM32\WINMMBASE.dll
[0226/132718.014:ERROR:process_memory_win.cc(73)] ReadMemory at 0x8725050000 of 64 bytes failed: Only part of a ReadProcessMemory or WriteProcessMemory request was completed. (0x12B)
[0226/132718.014:WARNING:pe_image_reader.cc(340)] could not read dos header from C:\Windows\system32\USER32.dll
[0226/132718.014:ERROR:process_memory_win.cc(73)] ReadMemory at 0x7ffe68b00000 of 64 bytes failed: Only part of a ReadProcessMemory or WriteProcessMemory request was completed. (0x12B)
[0226/132718.014:WARNING:pe_image_reader.cc(340)] could not read dos header from C:\Windows\SYSTEM32\profapi.dll
[0226/132718.014:ERROR:process_memory_win.cc(73)] ReadMemory at 0x7ffe68bb0000 of 64 bytes failed: Only part of a ReadProcessMemory or WriteProcessMemory request was completed. (0x12B)
[0226/132718.014:WARNING:pe_image_reader.cc(340)] could not read dos header from C:\Windows\system32\MSASN1.dll
[0226/132718.014:ERROR:process_memory_win.cc(73)] ReadMemory at 0x7ffe68fc0000 of 64 bytes failed: Only part of a ReadProcessMemory or WriteProcessMemory request was completed. (0x12B)
[0226/132718.014:WARNING:pe_image_reader.cc(340)] could not read dos header from C:\Windows\SYSTEM32\cfgmgr32.dll
[0226/132718.014:ERROR:process_memory_win.cc(73)] ReadMemory at 0x7ffe67980000 of 64 bytes failed: Only part of a ReadProcessMemory or WriteProcessMemory request was completed. (0x12B)
[0226/132718.014:WARNING:pe_image_reader.cc(340)] could not read dos header from C:\Windows\SYSTEM32\DEVOBJ.dll
[0226/132718.014:ERROR:process_memory_win.cc(73)] ReadMemory at 0x7ffe690e0000 of 64 bytes failed: Only part of a ReadProcessMemory or WriteProcessMemory request was completed. (0x12B)
[0226/132718.014:WARNING:pe_image_reader.cc(340)] could not read dos header from C:\Windows\system32\GDI32.dll
[0226/132718.014:ERROR:process_memory_win.cc(73)] ReadMemory at 0x7ffe689b0000 of 64 bytes failed: Only part of a ReadProcessMemory or WriteProcessMemory request was completed. (0x12B)
[0226/132718.014:WARNING:pe_image_reader.cc(340)] could not read dos header from C:\Windows\SYSTEM32\SSPICLI.DLL
[0226/132718.014:ERROR:process_memory_win.cc(73)] ReadMemory at 0x7ffe6a1d0000 of 64 bytes failed: Only part of a ReadProcessMemory or WriteProcessMemory request was completed. (0x12B)
[0226/132718.014:WARNING:pe_image_reader.cc(340)] could not read dos header from C:\Windows\system32\IMM32.DLL
[0226/132718.014:ERROR:process_memory_win.cc(73)] ReadMemory at 0x7ffe69ff0000 of 64 bytes failed: Only part of a ReadProcessMemory or WriteProcessMemory request was completed. (0x12B)
[0226/132718.014:WARNING:pe_image_reader.cc(340)] could not read dos header from C:\Windows\system32\MSCTF.dll
[0226/132718.014:ERROR:process_memory_win.cc(73)] ReadMemory at 0x7ffe68a40000 of 64 bytes failed: Only part of a ReadProcessMemory or WriteProcessMemory request was completed. (0x12B)
[0226/132718.014:WARNING:pe_image_reader.cc(340)] could not read dos header from C:\Windows\SYSTEM32\CRYPTBASE.DLL
[0226/132718.014:ERROR:process_memory_win.cc(73)] ReadMemory at 0x7ffe689e0000 of 64 bytes failed: Only part of a ReadProcessMemory or WriteProcessMemory request was completed. (0x12B)
[0226/132718.014:WARNING:pe_image_reader.cc(340)] could not read dos header from C:\Windows\SYSTEM32\bcryptPrimitives.dll
[0226/132718.014:ERROR:process_memory_win.cc(73)] ReadMemory at 0x7ff6acab0000 of 64 bytes failed: Only part of a ReadProcessMemory or WriteProcessMemory request was completed. (0x12B)
[0226/132718.014:WARNING:pe_image_reader.cc(340)] could not read dos header from C:\Program Files\BraveSoftware\Brave-Browser\Application\brave.exe
[0226/132718.014:ERROR:process_memory_win.cc(73)] ReadMemory at 0x7ffe6b790000 of 64 bytes failed: Only part of a ReadProcessMemory or WriteProcessMemory request was completed. (0x12B)
[0226/132718.014:WARNING:pe_image_reader.cc(340)] could not read dos header from C:\Windows\SYSTEM32\ntdll.dll
[0226/132718.014:ERROR:process_memory_win.cc(73)] ReadMemory at 0x7ffe69890000 of 64 bytes failed: Only part of a ReadProcessMemory or WriteProcessMemory request was completed. (0x12B)
[0226/132718.014:WARNING:pe_image_reader.cc(340)] could not read dos header from C:\Windows\system32\KERNEL32.DLL
[0226/132718.015:ERROR:process_memory_win.cc(73)] ReadMemory at 0x7ffe68bd0000 of 64 bytes failed: Only part of a ReadProcessMemory or WriteProcessMemory request was completed. (0x12B)
[0226/132718.015:WARNING:pe_image_reader.cc(340)] could not read dos header from C:\Windows\system32\KERNELBASE.dll
[0226/132718.015:ERROR:process_memory_win.cc(73)] ReadMemory at 0x7ffe4c920000 of 64 bytes failed: Only part of a ReadProcessMemory or WriteProcessMemory request was completed. (0x12B)
[0226/132718.015:WARNING:pe_image_reader.cc(340)] could not read dos header from C:\Program Files\BraveSoftware\Brave-Browser\Application\87.1.18.78\chrome_elf.dll
[0226/132718.015:ERROR:process_memory_win.cc(73)] ReadMemory at 0x7ffe61380000 of 64 bytes failed: Only part of a ReadProcessMemory or WriteProcessMemory request was completed. (0x12B)
[0226/132718.015:WARNING:pe_image_reader.cc(340)] could not read dos header from C:\Windows\SYSTEM32\VERSION.dll
[0226/132718.015:ERROR:process_memory_win.cc(73)] ReadMemory at 0x7ffe697e0000 of 64 bytes failed: Only part of a ReadProcessMemory or WriteProcessMemory request was completed. (0x12B)
[0226/132718.015:WARNING:pe_image_reader.cc(340)] could not read dos header from C:\Windows\system32\msvcrt.dll
[0226/132718.015:ERROR:process_memory_win.cc(73)] ReadMemory at 0x7ffe69010000 of 64 bytes failed: Only part of a ReadProcessMemory or WriteProcessMemory request was completed. (0x12B)
[0226/132718.015:WARNING:pe_image_reader.cc(340)] could not read dos header from C:\Windows\system32\ADVAPI32.dll
[0226/132718.015:ERROR:process_memory_win.cc(73)] ReadMemory at 0x7ffe69e70000 of 64 bytes failed: Only part of a ReadProcessMemory or WriteProcessMemory request was completed. (0x12B)
[0226/132718.015:WARNING:pe_image_reader.cc(340)] could not read dos header from C:\Windows\SYSTEM32\sechost.dll
[0226/132718.015:ERROR:process_memory_win.cc(73)] ReadMemory at 0x7ffe6b630000 of 64 bytes failed: Only part of a ReadProcessMemory or WriteProcessMemory request was completed. (0x12B)
[0226/132718.015:WARNING:pe_image_reader.cc(340)] could not read dos header from C:\Windows\system32\RPCRT4.dll
[0226/132718.015:ERROR:process_memory_win.cc(73)] ReadMemory at 0x7ffe39c60000 of 64 bytes failed: Only part of a ReadProcessMemory or WriteProcessMemory request was completed. (0x12B)
[0226/132718.015:WARNING:pe_image_reader.cc(340)] could not read dos header from C:\Program Files\BraveSoftware\Brave-Browser\Application\87.1.18.78\chrome.dll
[0226/132718.015:ERROR:process_memory_win.cc(73)] ReadMemory at 0x7ffe4ca20000 of 64 bytes failed: Only part of a ReadProcessMemory or WriteProcessMemory request was completed. (0x12B)
[0226/132718.015:WARNING:pe_image_reader.cc(340)] could not read dos header from C:\Windows\SYSTEM32\dbghelp.dll
[0226/132718.015:ERROR:process_memory_win.cc(73)] ReadMemory at 0x7ffe69e10000 of 64 bytes failed: Only part of a ReadProcessMemory or WriteProcessMemory request was completed. (0x12B)
[0226/132718.015:WARNING:pe_image_reader.cc(340)] could not read dos header from C:\Windows\system32\WS2_32.dll
[0226/132718.015:ERROR:process_memory_win.cc(73)] ReadMemory at 0x7ffe64260000 of 64 bytes failed: Only part of a ReadProcessMemory or WriteProcessMemory request was completed. (0x12B)
[0226/132718.015:WARNING:pe_image_reader.cc(340)] could not read dos header from C:\Windows\SYSTEM32\IPHLPAPI.DLL
[0226/132718.015:ERROR:process_memory_win.cc(73)] ReadMemory at 0x7ffe69ed0000 of 64 bytes failed: Only part of a ReadProcessMemory or WriteProcessMemory request was completed. (0x12B)
[0226/132718.015:WARNING:pe_image_reader.cc(340)] could not read dos header from C:\Windows\system32\OLEAUT32.dll
[0226/132718.015:ERROR:process_memory_win.cc(73)] ReadMemory at 0x7ffe667c0000 of 64 bytes failed: Only part of a ReadProcessMemory or WriteProcessMemory request was completed. (0x12B)
[0226/132718.015:WARNING:pe_image_reader.cc(340)] could not read dos header from C:\Windows\SYSTEM32\WINMM.dll
[0226/132718.015:ERROR:process_memory_win.cc(73)] ReadMemory at 0x7ffe63550000 of 64 bytes failed: Only part of a ReadProcessMemory or WriteProcessMemory request was completed. (0x12B)
[0226/132718.015:WARNING:pe_image_reader.cc(340)] could not read dos header from C:\Windows\SYSTEM32\UIAutomationCore.DLL
[0226/132718.015:ERROR:process_memory_win.cc(73)] ReadMemory at 0x7ffe5d220000 of 64 bytes failed: Only part of a ReadProcessMemory or WriteProcessMemory request was completed. (0x12B)
[0226/132718.015:WARNING:pe_image_reader.cc(340)] could not read dos header from C:\Windows\SYSTEM32\Secur32.dll
[0226/132718.015:ERROR:process_memory_win.cc(73)] ReadMemory at 0x7ffe68170000 of 64 bytes failed: Only part of a ReadProcessMemory or WriteProcessMemory request was completed. (0x12B)
[0226/132718.015:WARNING:pe_image_reader.cc(340)] could not read dos header from C:\Windows\SYSTEM32\USERENV.dll
[0226/132718.015:ERROR:process_memory_win.cc(73)] ReadMemory at 0x7ffe68ec0000 of 64 bytes failed: Only part of a ReadProcessMemory or WriteProcessMemory request was completed. (0x12B)
[0226/132718.016:WARNING:pe_image_reader.cc(340)] could not read dos header from C:\Windows\system32\WINTRUST.dll
[0226/132718.016:ERROR:process_memory_win.cc(73)] ReadMemory at 0x7ffe68ce0000 of 64 bytes failed: Only part of a ReadProcessMemory or WriteProcessMemory request was completed. (0x12B)
[0226/132718.016:WARNING:pe_image_reader.cc(340)] could not read dos header from C:\Windows\system32\CRYPT32.dll
[0226/132718.016:ERROR:process_memory_win.cc(73)] ReadMemory at 0x7ffe66590000 of 64 bytes failed: Only part of a ReadProcessMemory or WriteProcessMemory request was completed. (0x12B)
[0226/132718.016:WARNING:pe_image_reader.cc(340)] could not read dos header from C:\Windows\SYSTEM32\DWrite.dll
[0226/132718.016:ERROR:process_memory_win.cc(73)] ReadMemory at 0x7ffe5d230000 of 64 bytes failed: Only part of a ReadProcessMemory or WriteProcessMemory request was completed. (0x12B)
[0226/132718.016:WARNING:pe_image_reader.cc(340)] could not read dos header from C:\Windows\SYSTEM32\WINSPOOL.DRV
[0226/132718.016:ERROR:process_memory_win.cc(73)] ReadMemory at 0x7ffe50580000 of 64 bytes failed: Only part of a ReadProcessMemory or WriteProcessMemory request was completed. (0x12B)
[0226/132718.016:WARNING:pe_image_reader.cc(340)] could not read dos header from C:\Windows\SYSTEM32\WINHTTP.dll
[0226/132718.016:ERROR:process_memory_win.cc(73)] ReadMemory at 0x7ffe63ab0000 of 64 bytes failed: Only part of a ReadProcessMemory or WriteProcessMemory request was completed. (0x12B)
[0226/132718.016:WARNING:pe_image_reader.cc(340)] could not read dos header from C:\Windows\SYSTEM32\dhcpcsvc.DLL
[0226/132718.016:ERROR:process_memory_win.cc(73)] ReadMemory at 0x7ffe69470000 of 64 bytes failed: Only part of a ReadProcessMemory or WriteProcessMemory request was completed. (0x12B)
[0226/132718.016:WARNING:pe_image_reader.cc(340)] could not read dos header from C:\Windows\system32\NSI.dll
[0226/132718.016:ERROR:process_memory_win.cc(73)] ReadMemory at 0x7ffe64250000 of 64 bytes failed: Only part of a ReadProcessMemory or WriteProcessMemory request was completed. (0x12B)
[0226/132718.016:WARNING:pe_image_reader.cc(340)] could not read dos header from C:\Windows\SYSTEM32\WINNSI.DLL
[0226/132718.016:ERROR:process_memory_win.cc(73)] ReadMemory at 0x7ffe69600000 of 64 bytes failed: Only part of a ReadProcessMemory or WriteProcessMemory request was completed. (0x12B)
[0226/132718.016:WARNING:pe_image_reader.cc(340)] could not read dos header from C:\Windows\system32\combase.dll
[0226/132718.016:ERROR:process_memory_win.cc(73)] ReadMemory at 0x7ffe66790000 of 64 bytes failed: Only part of a ReadProcessMemory or WriteProcessMemory request was completed. (0x12B)
[0226/132718.016:WARNING:pe_image_reader.cc(340)] could not read dos header from C:\Windows\SYSTEM32\WINMMBASE.dll
[0226/132718.016:ERROR:process_memory_win.cc(73)] ReadMemory at 0x8725050000 of 64 bytes failed: Only part of a ReadProcessMemory or WriteProcessMemory request was completed. (0x12B)
[0226/132718.016:WARNING:pe_image_reader.cc(340)] could not read dos header from C:\Windows\system32\USER32.dll
[0226/132718.016:ERROR:process_memory_win.cc(73)] ReadMemory at 0x7ffe68b00000 of 64 bytes failed: Only part of a ReadProcessMemory or WriteProcessMemory request was completed. (0x12B)
[0226/132718.016:WARNING:pe_image_reader.cc(340)] could not read dos header from C:\Windows\SYSTEM32\profapi.dll
[0226/132718.016:ERROR:process_memory_win.cc(73)] ReadMemory at 0x7ffe68bb0000 of 64 bytes failed: Only part of a ReadProcessMemory or WriteProcessMemory request was completed. (0x12B)
[0226/132718.016:WARNING:pe_image_reader.cc(340)] could not read dos header from C:\Windows\system32\MSASN1.dll
[0226/132718.016:ERROR:process_memory_win.cc(73)] ReadMemory at 0x7ffe68fc0000 of 64 bytes failed: Only part of a ReadProcessMemory or WriteProcessMemory request was completed. (0x12B)
[0226/132718.016:WARNING:pe_image_reader.cc(340)] could not read dos header from C:\Windows\SYSTEM32\cfgmgr32.dll
[0226/132718.016:ERROR:process_memory_win.cc(73)] ReadMemory at 0x7ffe67980000 of 64 bytes failed: Only part of a ReadProcessMemory or WriteProcessMemory request was completed. (0x12B)
[0226/132718.016:WARNING:pe_image_reader.cc(340)] could not read dos header from C:\Windows\SYSTEM32\DEVOBJ.dll
[0226/132718.016:ERROR:process_memory_win.cc(73)] ReadMemory at 0x7ffe690e0000 of 64 bytes failed: Only part of a ReadProcessMemory or WriteProcessMemory request was completed. (0x12B)
[0226/132718.016:WARNING:pe_image_reader.cc(340)] could not read dos header from C:\Windows\system32\GDI32.dll
[0226/132718.016:ERROR:process_memory_win.cc(73)] ReadMemory at 0x7ffe689b0000 of 64 bytes failed: Only part of a ReadProcessMemory or WriteProcessMemory request was completed. (0x12B)
[0226/132718.016:WARNING:pe_image_reader.cc(340)] could not read dos header from C:\Windows\SYSTEM32\SSPICLI.DLL
[0226/132718.016:ERROR:process_memory_win.cc(73)] ReadMemory at 0x7ffe6a1d0000 of 64 bytes failed: Only part of a ReadProcessMemory or WriteProcessMemory request was completed. (0x12B)
[0226/132718.016:WARNING:pe_image_reader.cc(340)] could not read dos header from C:\Windows\system32\IMM32.DLL
[0226/132718.016:ERROR:process_memory_win.cc(73)] ReadMemory at 0x7ffe69ff0000 of 64 bytes failed: Only part of a ReadProcessMemory or WriteProcessMemory request was completed. (0x12B)
[0226/132718.016:WARNING:pe_image_reader.cc(340)] could not read dos header from C:\Windows\system32\MSCTF.dll
[0226/132718.016:ERROR:process_memory_win.cc(73)] ReadMemory at 0x7ffe68a40000 of 64 bytes failed: Only part of a ReadProcessMemory or WriteProcessMemory request was completed. (0x12B)
[0226/132718.016:WARNING:pe_image_reader.cc(340)] could not read dos header from C:\Windows\SYSTEM32\CRYPTBASE.DLL
[0226/132718.016:ERROR:process_memory_win.cc(73)] ReadMemory at 0x7ffe689e0000 of 64 bytes failed: Only part of a ReadProcessMemory or WriteProcessMemory request was completed. (0x12B)
[0226/132718.016:WARNING:pe_image_reader.cc(340)] could not read dos header from C:\Windows\SYSTEM32\bcryptPrimitives.dll
[0226/132718.126:ERROR:process_memory_win.cc(73)] ReadMemory at 0x87249eb000 of 86016 bytes failed: Only part of a ReadProcessMemory or WriteProcessMemory request was completed. (0x12B)
[0226/132718.182:ERROR:process_memory_win.cc(73)] ReadMemory at 0x8727a8e000 of 8192 bytes failed: Only part of a ReadProcessMemory or WriteProcessMemory request was completed. (0x12B)
[0226/132718.182:ERROR:process_memory_win.cc(73)] ReadMemory at 0x8728a8e000 of 8192 bytes failed: Only part of a ReadProcessMemory or WriteProcessMemory request was completed. (0x12B)
[0226/132718.182:ERROR:process_memory_win.cc(73)] ReadMemory at 0x872928d000 of 12288 bytes failed: Only part of a ReadProcessMemory or WriteProcessMemory request was completed. (0x12B)
[0226/132718.182:ERROR:process_memory_win.cc(73)] ReadMemory at 0x8729a8f000 of 4096 bytes failed: Only part of a ReadProcessMemory or WriteProcessMemory request was completed. (0x12B)
[0226/132718.182:ERROR:process_memory_win.cc(73)] ReadMemory at 0x872a28e000 of 8192 bytes failed: Only part of a ReadProcessMemory or WriteProcessMemory request was completed. (0x12B)
[0226/132718.182:ERROR:process_memory_win.cc(73)] ReadMemory at 0x872ac8d000 of 12288 bytes failed: Only part of a ReadProcessMemory or WriteProcessMemory request was completed. (0x12B)
[0226/132718.182:ERROR:process_memory_win.cc(73)] ReadMemory at 0x872bc8e000 of 8192 bytes failed: Only part of a ReadProcessMemory or WriteProcessMemory request was completed. (0x12B)
[0226/132718.182:ERROR:process_memory_win.cc(73)] ReadMemory at 0x872c48a000 of 24576 bytes failed: Only part of a ReadProcessMemory or WriteProcessMemory request was completed. (0x12B)
[0226/132718.182:ERROR:process_memory_win.cc(73)] ReadMemory at 0x872ce8a000 of 24576 bytes failed: Only part of a ReadProcessMemory or WriteProcessMemory request was completed. (0x12B)
[0226/132718.182:ERROR:process_memory_win.cc(73)] ReadMemory at 0x872e2dd000 of 12288 bytes failed: Only part of a ReadProcessMemory or WriteProcessMemory request was completed. (0x12B)
[0226/132718.182:ERROR:process_memory_win.cc(73)] ReadMemory at 0x872828d000 of 12288 bytes failed: Only part of a ReadProcessMemory or WriteProcessMemory request was completed. (0x12B)
[0226/132718.182:ERROR:process_memory_win.cc(73)] ReadMemory at 0x872b48d000 of 12288 bytes failed: Only part of a ReadProcessMemory or WriteProcessMemory request was completed. (0x12B)
[0226/132718.182:ERROR:process_memory_win.cc(73)] ReadMemory at 0x8724b00ca0 of 512 bytes failed: Only part of a ReadProcessMemory or WriteProcessMemory request was completed. (0x12B)
[0226/132718.182:ERROR:process_memory_win.cc(73)] ReadMemory at 0x8724b91d30 of 1012 bytes failed: Only part of a ReadProcessMemory or WriteProcessMemory request was completed. (0x12B)
[0226/132718.182:ERROR:process_memory_win.cc(73)] ReadMemory at 0x8724b92348 of 132 bytes failed: Only part of a ReadProcessMemory or WriteProcessMemory request was completed. (0x12B)
[0226/132718.182:ERROR:process_memory_win.cc(73)] ReadMemory at 0x8724b923ce of 2000 bytes failed: Only part of a ReadProcessMemory or WriteProcessMemory request was completed. (0x12B)
[0226/132718.182:ERROR:process_memory_win.cc(73)] ReadMemory at 0x8724b92ba0 of 132 bytes failed: Only part of a ReadProcessMemory or WriteProcessMemory request was completed. (0x12B)
[0226/132718.183:ERROR:process_memory_win.cc(73)] ReadMemory at 0x8724b92c26 of 96 bytes failed: Only part of a ReadProcessMemory or WriteProcessMemory request was completed. (0x12B)
[0226/132718.183:ERROR:process_memory_win.cc(73)] ReadMemory at 0x8724b92ca0 of 58 bytes failed: Only part of a ReadProcessMemory or WriteProcessMemory request was completed. (0x12B)
[0226/132718.183:ERROR:process_memory_win.cc(73)] ReadMemory at 0x8724b92da0 of 132 bytes failed: Only part of a ReadProcessMemory or WriteProcessMemory request was completed. (0x12B)
[0226/132718.183:ERROR:process_memory_win.cc(73)] ReadMemory at 0x8724b92f20 of 132 bytes failed: Only part of a ReadProcessMemory or WriteProcessMemory request was completed. (0x12B)
[0226/132718.183:ERROR:process_memory_win.cc(73)] ReadMemory at 0x8724b93130 of 136 bytes failed: Only part of a ReadProcessMemory or WriteProcessMemory request was completed. (0x12B)
[0226/132718.183:ERROR:process_memory_win.cc(73)] ReadMemory at 0x8724b93540 of 64 bytes failed: Only part of a ReadProcessMemory or WriteProcessMemory request was completed. (0x12B)
[0226/132718.183:ERROR:process_memory_win.cc(73)] ReadMemory at 0x8724b93590 of 132 bytes failed: Only part of a ReadProcessMemory or WriteProcessMemory request was completed. (0x12B)
[0226/132718.183:ERROR:process_memory_win.cc(73)] ReadMemory at 0x8724b93900 of 68 bytes failed: Only part of a ReadProcessMemory or WriteProcessMemory request was completed. (0x12B)
[0226/132718.183:ERROR:process_memory_win.cc(73)] ReadMemory at 0x8724b93950 of 132 bytes failed: Only part of a ReadProcessMemory or WriteProcessMemory request was completed. (0x12B)
[0226/132718.183:ERROR:process_memory_win.cc(73)] ReadMemory at 0x8724b94920 of 164 bytes failed: Only part of a ReadProcessMemory or WriteProcessMemory request was completed. (0x12B)
[0226/132718.183:ERROR:process_memory_win.cc(73)] ReadMemory at 0x8724b949d0 of 132 bytes failed: Only part of a ReadProcessMemory or WriteProcessMemory request was completed. (0x12B)
[0226/132718.183:ERROR:process_memory_win.cc(73)] ReadMemory at 0x8724b94af0 of 132 bytes failed: Only part of a ReadProcessMemory or WriteProcessMemory request was completed. (0x12B)
[0226/132718.183:ERROR:process_memory_win.cc(73)] ReadMemory at 0x8724b952a0 of 60 bytes failed: Only part of a ReadProcessMemory or WriteProcessMemory request was completed. (0x12B)
[0226/132718.183:ERROR:process_memory_win.cc(73)] ReadMemory at 0x8724b95eb0 of 62 bytes failed: Only part of a ReadProcessMemory or WriteProcessMemory request was completed. (0x12B)
[0226/132718.183:ERROR:process_memory_win.cc(73)] ReadMemory at 0x8724b961f0 of 132 bytes failed: Only part of a ReadProcessMemory or WriteProcessMemory request was completed. (0x12B)
[0226/132718.183:ERROR:process_memory_win.cc(73)] ReadMemory at 0x8724b9b3b0 of 54 bytes failed: Only part of a ReadProcessMemory or WriteProcessMemory request was completed. (0x12B)
[0226/132718.183:ERROR:process_memory_win.cc(73)] ReadMemory at 0x8724ba3cf0 of 132 bytes failed: Only part of a ReadProcessMemory or WriteProcessMemory request was completed. (0x12B)
[0226/132718.183:ERROR:process_memory_win.cc(73)] ReadMemory at 0x8724ba3e10 of 132 bytes failed: Only part of a ReadProcessMemory or WriteProcessMemory request was completed. (0x12B)
[0226/132718.238:ERROR:process_memory_win.cc(73)] ReadMemory at 0x8724ba4100 of 62 bytes failed: Only part of a ReadProcessMemory or WriteProcessMemory request was completed. (0x12B)
[0226/132718.238:ERROR:process_memory_win.cc(73)] ReadMemory at 0x8724ba4240 of 60 bytes failed: Only part of a ReadProcessMemory or WriteProcessMemory request was completed. (0x12B)
[0226/132718.238:ERROR:process_memory_win.cc(73)] ReadMemory at 0x8724ba4290 of 62 bytes failed: Only part of a ReadProcessMemory or WriteProcessMemory request was completed. (0x12B)
[0226/132718.238:ERROR:process_memory_win.cc(73)] ReadMemory at 0x8724ba42e0 of 60 bytes failed: Only part of a ReadProcessMemory or WriteProcessMemory request was completed. (0x12B)
[0226/132718.238:ERROR:process_memory_win.cc(73)] ReadMemory at 0x8724ba4330 of 64 bytes failed: Only part of a ReadProcessMemory or WriteProcessMemory request was completed. (0x12B)
[0226/132718.238:ERROR:process_memory_win.cc(73)] ReadMemory at 0x8724ba4380 of 64 bytes failed: Only part of a ReadProcessMemory or WriteProcessMemory request was completed. (0x12B)
[0226/132718.238:ERROR:process_memory_win.cc(73)] ReadMemory at 0x8724ba43d0 of 62 bytes failed: Only part of a ReadProcessMemory or WriteProcessMemory request was completed. (0x12B)
[0226/132718.239:ERROR:process_memory_win.cc(73)] ReadMemory at 0x8724ba4510 of 64 bytes failed: Only part of a ReadProcessMemory or WriteProcessMemory request was completed. (0x12B)
[0226/132718.239:ERROR:process_memory_win.cc(73)] ReadMemory at 0x8724ba4560 of 64 bytes failed: Only part of a ReadProcessMemory or WriteProcessMemory request was completed. (0x12B)
[0226/132718.440:ERROR:process_memory_win.cc(73)] ReadMemory at 0x8724ba45b0 of 60 bytes failed: Only part of a ReadProcessMemory or WriteProcessMemory request was completed. (0x12B)
[0226/132718.440:ERROR:process_memory_win.cc(73)] ReadMemory at 0x8724ba4600 of 58 bytes failed: Only part of a ReadProcessMemory or WriteProcessMemory request was completed. (0x12B)
[0226/132718.440:ERROR:process_memory_win.cc(73)] ReadMemory at 0x8724ba4650 of 64 bytes failed: Only part of a ReadProcessMemory or WriteProcessMemory request was completed. (0x12B)
[0226/132718.480:ERROR:process_memory_win.cc(73)] ReadMemory at 0x8724ba46a0 of 62 bytes failed: Only part of a ReadProcessMemory or WriteProcessMemory request was completed. (0x12B)
[0226/132718.480:ERROR:process_memory_win.cc(73)] ReadMemory at 0x8724ba46f0 of 64 bytes failed: Only part of a ReadProcessMemory or WriteProcessMemory request was completed. (0x12B)
[0226/132718.480:ERROR:process_memory_win.cc(73)] ReadMemory at 0x8724ba4740 of 60 bytes failed: Only part of a ReadProcessMemory or WriteProcessMemory request was completed. (0x12B)
[0226/132718.480:ERROR:process_memory_win.cc(73)] ReadMemory at 0x8724ba4790 of 62 bytes failed: Only part of a ReadProcessMemory or WriteProcessMemory request was completed. (0x12B)
[0226/132718.480:ERROR:process_memory_win.cc(73)] ReadMemory at 0x8724ba47e0 of 62 bytes failed: Only part of a ReadProcessMemory or WriteProcessMemory request was completed. (0x12B)
[0226/132718.480:ERROR:process_memory_win.cc(73)] ReadMemory at 0x8724ba4830 of 62 bytes failed: Only part of a ReadProcessMemory or WriteProcessMemory request was completed. (0x12B)
[0226/132718.480:ERROR:process_memory_win.cc(73)] ReadMemory at 0x8724ba7790 of 132 bytes failed: Only part of a ReadProcessMemory or WriteProcessMemory request was completed. (0x12B)
[0226/132718.480:ERROR:process_memory_win.cc(73)] ReadMemory at 0x8724ba7d20 of 132 bytes failed: Only part of a ReadProcessMemory or WriteProcessMemory request was completed. (0x12B)
[0226/132718.480:ERROR:process_memory_win.cc(73)] ReadMemory at 0x8724ba8060 of 132 bytes failed: Only part of a ReadProcessMemory or WriteProcessMemory request was completed. (0x12B)
[0226/132718.480:ERROR:process_memory_win.cc(73)] ReadMemory at 0x8724ba84b0 of 156 bytes failed: Only part of a ReadProcessMemory or WriteProcessMemory request was completed. (0x12B)
[0226/132718.481:ERROR:process_memory_win.cc(73)] ReadMemory at 0x8724ba9680 of 80 bytes failed: Only part of a ReadProcessMemory or WriteProcessMemory request was completed. (0x12B)
[0226/132718.481:ERROR:process_memory_win.cc(73)] ReadMemory at 0x8724babc20 of 132 bytes failed: Only part of a ReadProcessMemory or WriteProcessMemory request was completed. (0x12B)
[0226/132718.481:ERROR:process_memory_win.cc(73)] ReadMemory at 0x8724babd40 of 132 bytes failed: Only part of a ReadProcessMemory or WriteProcessMemory request was completed. (0x12B)
[0226/132718.481:ERROR:process_memory_win.cc(73)] ReadMemory at 0x8724babe60 of 132 bytes failed: Only part of a ReadProcessMemory or WriteProcessMemory request was completed. (0x12B)
[0226/132718.481:ERROR:process_memory_win.cc(73)] ReadMemory at 0x8724babf80 of 132 bytes failed: Only part of a ReadProcessMemory or WriteProcessMemory request was completed. (0x12B)
[0226/132718.481:ERROR:process_memory_win.cc(73)] ReadMemory at 0x8724bacf90 of 132 bytes failed: Only part of a ReadProcessMemory or WriteProcessMemory request was completed. (0x12B)
[0226/132718.566:ERROR:process_memory_win.cc(73)] ReadMemory at 0x8724bad0b0 of 132 bytes failed: Only part of a ReadProcessMemory or WriteProcessMemory request was completed. (0x12B)
[0226/132718.566:ERROR:process_memory_win.cc(73)] ReadMemory at 0x8724bad1d0 of 132 bytes failed: Only part of a ReadProcessMemory or WriteProcessMemory request was completed. (0x12B)
[0226/132718.566:ERROR:process_memory_win.cc(73)] ReadMemory at 0x8724bad2f0 of 132 bytes failed: Only part of a ReadProcessMemory or WriteProcessMemory request was completed. (0x12B)
[0226/132718.584:ERROR:process_memory_win.cc(73)] ReadMemory at 0x8724bad410 of 132 bytes failed: Only part of a ReadProcessMemory or WriteProcessMemory request was completed. (0x12B)
[0226/132718.687:ERROR:process_memory_win.cc(73)] ReadMemory at 0x8724bad530 of 132 bytes failed: Only part of a ReadProcessMemory or WriteProcessMemory request was completed. (0x12B)
[0226/132718.687:ERROR:process_memory_win.cc(73)] ReadMemory at 0x8724bad650 of 132 bytes failed: Only part of a ReadProcessMemory or WriteProcessMemory request was completed. (0x12B)
[0226/132718.687:ERROR:process_memory_win.cc(73)] ReadMemory at 0x8724bad770 of 132 bytes failed: Only part of a ReadProcessMemory or WriteProcessMemory request was completed. (0x12B)
[0226/132718.687:ERROR:process_memory_win.cc(73)] ReadMemory at 0x8724bad890 of 132 bytes failed: Only part of a ReadProcessMemory or WriteProcessMemory request was completed. (0x12B)
[0226/132718.688:ERROR:process_memory_win.cc(73)] ReadMemory at 0x8724bad9b0 of 132 bytes failed: Only part of a ReadProcessMemory or WriteProcessMemory request was completed. (0x12B)
[0226/132718.688:ERROR:process_memory_win.cc(73)] ReadMemory at 0x8724badad0 of 132 bytes failed: Only part of a ReadProcessMemory or WriteProcessMemory request was completed. (0x12B)
[0226/132718.688:ERROR:process_memory_win.cc(73)] ReadMemory at 0x8724badbf0 of 132 bytes failed: Only part of a ReadProcessMemory or WriteProcessMemory request was completed. (0x12B)
[0226/132718.688:ERROR:process_memory_win.cc(73)] ReadMemory at 0x8724badd10 of 132 bytes failed: Only part of a ReadProcessMemory or WriteProcessMemory request was completed. (0x12B)
[0226/132718.688:ERROR:process_memory_win.cc(73)] ReadMemory at 0x8724badff0 of 58 bytes failed: Only part of a ReadProcessMemory or WriteProcessMemory request was completed. (0x12B)
[0226/132718.714:ERROR:process_memory_win.cc(73)] ReadMemory at 0x8724bae040 of 62 bytes failed: Only part of a ReadProcessMemory or WriteProcessMemory request was completed. (0x12B)
[0226/132718.733:ERROR:process_memory_win.cc(73)] ReadMemory at 0x8724bae090 of 62 bytes failed: Only part of a ReadProcessMemory or WriteProcessMemory request was completed. (0x12B)
[0226/132718.733:ERROR:process_memory_win.cc(73)] ReadMemory at 0x8724bae630 of 66 bytes failed: Only part of a ReadProcessMemory or WriteProcessMemory request was completed. (0x12B)
[0226/132718.733:ERROR:process_memory_win.cc(73)] ReadMemory at 0x8724bae7c0 of 58 bytes failed: Only part of a ReadProcessMemory or WriteProcessMemory request was completed. (0x12B)
[0226/132718.733:ERROR:process_memory_win.cc(73)] ReadMemory at 0x8724baea90 of 60 bytes failed: Only part of a ReadProcessMemory or WriteProcessMemory request was completed. (0x12B)
[0226/132718.733:ERROR:process_memory_win.cc(73)] ReadMemory at 0x8724baeb30 of 60 bytes failed: Only part of a ReadProcessMemory or WriteProcessMemory request was completed. (0x12B)
[0226/132718.733:ERROR:process_memory_win.cc(73)] ReadMemory at 0x8724baeb80 of 58 bytes failed: Only part of a ReadProcessMemory or WriteProcessMemory request was completed. (0x12B)
[0226/132718.733:ERROR:process_memory_win.cc(73)] ReadMemory at 0x8724baed10 of 64 bytes failed: Only part of a ReadProcessMemory or WriteProcessMemory request was completed. (0x12B)
[0226/132718.733:ERROR:process_memory_win.cc(73)] ReadMemory at 0x8724baeef0 of 60 bytes failed: Only part of a ReadProcessMemory or WriteProcessMemory request was completed. (0x12B)
[0226/132718.733:ERROR:process_memory_win.cc(73)] ReadMemory at 0x8724baf550 of 132 bytes failed: Only part of a ReadProcessMemory or WriteProcessMemory request was completed. (0x12B)
[0226/132718.734:ERROR:process_memory_win.cc(73)] ReadMemory at 0x8724bafaf0 of 132 bytes failed: Only part of a ReadProcessMemory or WriteProcessMemory request was completed. (0x12B)
[0226/132718.734:ERROR:process_memory_win.cc(73)] ReadMemory at 0x8724baff70 of 132 bytes failed: Only part of a ReadProcessMemory or WriteProcessMemory request was completed. (0x12B)
[0226/132718.818:ERROR:process_memory_win.cc(73)] ReadMemory at 0x8724bb0090 of 132 bytes failed: Only part of a ReadProcessMemory or WriteProcessMemory request was completed. (0x12B)
[0226/132718.837:ERROR:process_memory_win.cc(73)] ReadMemory at 0x8724bb02d0 of 132 bytes failed: Only part of a ReadProcessMemory or WriteProcessMemory request was completed. (0x12B)
[0226/132718.856:ERROR:process_memory_win.cc(73)] ReadMemory at 0x8724bb03f0 of 132 bytes failed: Only part of a ReadProcessMemory or WriteProcessMemory request was completed. (0x12B)
[0226/132718.856:ERROR:process_memory_win.cc(73)] ReadMemory at 0x8724bb0510 of 132 bytes failed: Only part of a ReadProcessMemory or WriteProcessMemory request was completed. (0x12B)
[0226/132718.857:ERROR:process_memory_win.cc(73)] ReadMemory at 0x8724bb0630 of 132 bytes failed: Only part of a ReadProcessMemory or WriteProcessMemory request was completed. (0x12B)
[0226/132718.930:ERROR:process_memory_win.cc(73)] ReadMemory at 0x8724bb0750 of 132 bytes failed: Only part of a ReadProcessMemory or WriteProcessMemory request was completed. (0x12B)
[0226/132718.930:ERROR:process_memory_win.cc(73)] ReadMemory at 0x8724bb0990 of 132 bytes failed: Only part of a ReadProcessMemory or WriteProcessMemory request was completed. (0x12B)
[0226/132718.930:ERROR:process_memory_win.cc(73)] ReadMemory at 0x8724bb0e10 of 132 bytes failed: Only part of a ReadProcessMemory or WriteProcessMemory request was completed. (0x12B)
[0226/132718.930:ERROR:process_memory_win.cc(73)] ReadMemory at 0x8724c0f050 of 80 bytes failed: Only part of a ReadProcessMemory or WriteProcessMemory request was completed. (0x12B)
[0226/132718.930:ERROR:process_memory_win.cc(73)] ReadMemory at 0x8724c3fec0 of 512 bytes failed: Only part of a ReadProcessMemory or WriteProcessMemory request was completed. (0x12B)
[0226/132718.930:ERROR:process_memory_win.cc(73)] ReadMemory at 0x8724c41450 of 712 bytes failed: Only part of a ReadProcessMemory or WriteProcessMemory request was completed. (0x12B)
[0226/132718.930:ERROR:process_memory_win.cc(73)] ReadMemory at 0x8724c51ad0 of 512 bytes failed: Only part of a ReadProcessMemory or WriteProcessMemory request was completed. (0x12B)
[0226/132718.967:ERROR:process_memory_win.cc(73)] ReadMemory at 0x8724c52050 of 512 bytes failed: Only part of a ReadProcessMemory or WriteProcessMemory request was completed. (0x12B)
[0226/132718.984:ERROR:process_memory_win.cc(73)] ReadMemory at 0x8724c656e0 of 66 bytes failed: Only part of a ReadProcessMemory or WriteProcessMemory request was completed. (0x12B)
[0226/132718.984:ERROR:process_memory_win.cc(73)] ReadMemory at 0x8724c74c70 of 512 bytes failed: Only part of a ReadProcessMemory or WriteProcessMemory request was completed. (0x12B)
[0226/132718.984:ERROR:process_memory_win.cc(73)] ReadMemory at 0x8724c75b70 of 544 bytes failed: Only part of a ReadProcessMemory or WriteProcessMemory request was completed. (0x12B)
[0226/132718.984:ERROR:process_memory_win.cc(73)] ReadMemory at 0x8725417560 of 512 bytes failed: Only part of a ReadProcessMemory or WriteProcessMemory request was completed. (0x12B)
[0226/132718.984:ERROR:process_memory_win.cc(73)] ReadMemory at 0x872541a8e0 of 560 bytes failed: Only part of a ReadProcessMemory or WriteProcessMemory request was completed. (0x12B)
[0226/132718.984:ERROR:process_memory_win.cc(73)] ReadMemory at 0x872542e800 of 512 bytes failed: Only part of a ReadProcessMemory or WriteProcessMemory request was completed. (0x12B)
[0226/132718.984:ERROR:process_memory_win.cc(73)] ReadMemory at 0x872a3d6cf0 of 512 bytes failed: Only part of a ReadProcessMemory or WriteProcessMemory request was completed. (0x12B)
[0226/132718.984:ERROR:process_memory_win.cc(73)] ReadMemory at 0x872c4909b8 of 512 bytes failed: Only part of a ReadProcessMemory or WriteProcessMemory request was completed. (0x12B)
[0226/132718.984:ERROR:process_memory_win.cc(73)] ReadMemory at 0x872d757390 of 512 bytes failed: Only part of a ReadProcessMemory or WriteProcessMemory request was completed. (0x12B)
[0226/132718.984:ERROR:process_memory_win.cc(73)] ReadMemory at 0x872d8a5ad8 of 512 bytes failed: Only part of a ReadProcessMemory or WriteProcessMemory request was completed. (0x12B)
[0226/132718.984:ERROR:process_memory_win.cc(73)] ReadMemory at 0x314880d00000 of 384 bytes failed: Only part of a ReadProcessMemory or WriteProcessMemory request was completed. (0x12B)
[0226/132718.985:ERROR:process_memory_win.cc(73)] ReadMemory at 0x3e348df92e50 of 512 bytes failed: Only part of a ReadProcessMemory or WriteProcessMemory request was completed. (0x12B)
[0226/132718.985:ERROR:process_memory_win.cc(73)] ReadMemory at 0x7ff6ab990000 of 6024 bytes failed: Only part of a ReadProcessMemory or WriteProcessMemory request was completed. (0x12B)
[0226/132718.986:ERROR:process_memory_win.cc(73)] ReadMemory at 0x7ff6ab994000 of 6024 bytes failed: Only part of a ReadProcessMemory or WriteProcessMemory request was completed. (0x12B)
[0226/132718.986:ERROR:process_memory_win.cc(73)] ReadMemory at 0x7ff6ab996000 of 6024 bytes failed: Only part of a ReadProcessMemory or WriteProcessMemory request was completed. (0x12B)
[0226/132718.987:ERROR:process_memory_win.cc(73)] ReadMemory at 0x7ff6ab998000 of 6024 bytes failed: Only part of a ReadProcessMemory or WriteProcessMemory request was completed. (0x12B)
[0226/132718.987:ERROR:process_memory_win.cc(73)] ReadMemory at 0x7ff6ab99a000 of 6024 bytes failed: Only part of a ReadProcessMemory or WriteProcessMemory request was completed. (0x12B)
[0226/132718.987:ERROR:process_memory_win.cc(73)] ReadMemory at 0x7ff6ab99c000 of 6024 bytes failed: Only part of a ReadProcessMemory or WriteProcessMemory request was completed. (0x12B)
[0226/132718.987:ERROR:process_memory_win.cc(73)] ReadMemory at 0x7ff6ab99e000 of 6024 bytes failed: Only part of a ReadProcessMemory or WriteProcessMemory request was completed. (0x12B)
[0226/132718.987:ERROR:process_memory_win.cc(73)] ReadMemory at 0x7ff6abac3000 of 6024 bytes failed: Only part of a ReadProcessMemory or WriteProcessMemory request was completed. (0x12B)
[0226/132718.987:ERROR:process_memory_win.cc(73)] ReadMemory at 0x7ff6abac5000 of 6024 bytes failed: Only part of a ReadProcessMemory or WriteProcessMemory request was completed. (0x12B)
[0226/132718.988:ERROR:process_memory_win.cc(73)] ReadMemory at 0x7ff6abac7000 of 6024 bytes failed: Only part of a ReadProcessMemory or WriteProcessMemory request was completed. (0x12B)
[0226/132718.988:ERROR:process_memory_win.cc(73)] ReadMemory at 0x7ff6abac9000 of 6024 bytes failed: Only part of a ReadProcessMemory or WriteProcessMemory request was completed. (0x12B)
[0226/132718.988:ERROR:process_memory_win.cc(73)] ReadMemory at 0x7ff6abacb000 of 6024 bytes failed: Only part of a ReadProcessMemory or WriteProcessMemory request was completed. (0x12B)
[0226/132718.988:ERROR:process_memory_win.cc(73)] ReadMemory at 0x7ff6abacd000 of 6024 bytes failed: Only part of a ReadProcessMemory or WriteProcessMemory request was completed. (0x12B)
[0226/132718.988:ERROR:process_memory_win.cc(73)] ReadMemory at 0x7ff6abacf000 of 852 bytes failed: Only part of a ReadProcessMemory or WriteProcessMemory request was completed. (0x12B)
[0226/132719.098:ERROR:process_memory_win.cc(73)] ReadMemory at 0x7ffe39cc7061 of 512 bytes failed: Only part of a ReadProcessMemory or WriteProcessMemory request was completed. (0x12B)
[0226/132719.098:ERROR:process_memory_win.cc(73)] ReadMemory at 0x7ffe4119a850 of 512 bytes failed: Only part of a ReadProcessMemory or WriteProcessMemory request was completed. (0x12B)
[0226/132719.098:ERROR:process_memory_win.cc(73)] ReadMemory at 0x7ffe41caa938 of 512 bytes failed: Only part of a ReadProcessMemory or WriteProcessMemory request was completed. (0x12B)
[0226/132719.108:ERROR:process_memory_win.cc(73)] ReadMemory at 0x7ffe4c94e397 of 512 bytes failed: Only part of a ReadProcessMemory or WriteProcessMemory request was completed. (0x12B)
[0226/132719.108:ERROR:process_memory_win.cc(73)] ReadMemory at 0x7ffe69890fbc of 512 bytes failed: Only part of a ReadProcessMemory or WriteProcessMemory request was completed. (0x12B)
[0226/132719.108:ERROR:process_memory_win.cc(73)] ReadMemory at 0x7ffe6b793850 of 512 bytes failed: Only part of a ReadProcessMemory or WriteProcessMemory request was completed. (0x12B)
[0226/132719.108:ERROR:process_memory_win.cc(73)] ReadMemory at 0x7ffe6b7976b0 of 18 bytes failed: Only part of a ReadProcessMemory or WriteProcessMemory request was completed. (0x12B)
[0226/132719.108:ERROR:process_memory_win.cc(73)] ReadMemory at 0x7ffe6b82ab4a of 592 bytes failed: Only part of a ReadProcessMemory or WriteProcessMemory request was completed. (0x12B)
[0226/132719.108:ERROR:process_memory_win.cc(73)] ReadMemory at 0x7ffe6b82c5ca of 560 bytes failed: Only part of a ReadProcessMemory or WriteProcessMemory request was completed. (0x12B)
[0226/132719.108:ERROR:process_memory_win.cc(73)] ReadMemory at 0x7ffe6b82ea8b of 512 bytes failed: Only part of a ReadProcessMemory or WriteProcessMemory request was completed. (0x12B)
[0226/132719.108:ERROR:process_memory_win.cc(73)] ReadMemory at 0x7ffe6b8ba980 of 40 bytes failed: Only part of a ReadProcessMemory or WriteProcessMemory request was completed. (0x12B)
[0226/132719.109:ERROR:process_memory_win.cc(73)] ReadMemory at 0x7ffe6b8bde50 of 48 bytes failed: Only part of a ReadProcessMemory or WriteProcessMemory request was completed. (0x12B)
[0226/132719.109:ERROR:process_memory_win.cc(73)] ReadMemory at 0x7ffe6b8c03c0 of 64 bytes failed: Only part of a ReadProcessMemory or WriteProcessMemory request was completed. (0x12B)
[0226/132722.065:ERROR:scoped_process_suspend.cc(40)] NtResumeProcess: An attempt was made to access an exiting process. (0xc000010a)
